This file contains any messages produced by compilers while
running configure, to aid debugging if configure makes a mistake.

It was created by gperftools configure 2.0, which was
generated by GNU Autoconf 2.65.  Invocation command line was

  $ ./configure --enable-minimal --enable-frame-pointers

## --------- ##
## Platform. ##
## --------- ##

hostname = micolTest
uname -m = x86_64
uname -r = 2.6.32-279.el6.x86_64
uname -s = Linux
uname -v = #1 SMP Fri Jun 22 12:19:21 UTC 2012

/usr/bin/uname -p = unknown
/bin/uname -X     = unknown

/bin/arch              = x86_64
/usr/bin/arch -k       = unknown
/usr/convex/getsysinfo = unknown
/usr/bin/hostinfo      = unknown
/bin/machine           = unknown
/usr/bin/oslevel       = unknown
/bin/universe          = unknown

PATH: /usr/local/sbin
PATH: /usr/local/bin
PATH: /sbin
PATH: /bin
PATH: /usr/sbin
PATH: /usr/bin
PATH: /root/bin


## ----------- ##
## Core tests. ##
## ----------- ##

configure:2633: checking build system type
configure:2647: result: x86_64-unknown-linux-gnu
configure:2667: checking host system type
configure:2680: result: x86_64-unknown-linux-gnu
configure:2716: checking for a BSD-compatible install
configure:2784: result: /usr/bin/install -c
configure:2795: checking whether build environment is sane
configure:2832: result: yes
configure:2857: checking for a thread-safe mkdir -p
configure:2896: result: /bin/mkdir -p
configure:2909: checking for gawk
configure:2925: found /bin/gawk
configure:2936: result: gawk
configure:2947: checking whether make sets $(MAKE)
configure:2969: result: yes
configure:3283: checking for g++
configure:3299: found /usr/bin/g++
configure:3310: result: g++
configure:3337: checking for C++ compiler version
configure:3346: g++ --version >&5
g++ (GCC) 4.4.6 20120305 (Red Hat 4.4.6-4)
Copyright (C) 2010 Free Software Foundation, Inc.
This is free software; see the source for copying conditions.  There is NO
warranty; not even for MERCHANTABILITY or FITNESS FOR A PARTICULAR PURPOSE.

configure:3357: $? = 0
configure:3346: g++ -v >&5
Using built-in specs.
Target: x86_64-redhat-linux
Configured with: ../configure --prefix=/usr --mandir=/usr/share/man --infodir=/usr/share/info --with-bugurl=http://bugzilla.redhat.com/bugzilla --enable-bootstrap --enable-shared --enable-threads=posix --enable-checking=release --with-system-zlib --enable-__cxa_atexit --disable-libunwind-exceptions --enable-gnu-unique-object --enable-languages=c,c++,objc,obj-c++,java,fortran,ada --enable-java-awt=gtk --disable-dssi --with-java-home=/usr/lib/jvm/java-1.5.0-gcj-1.5.0.0/jre --enable-libgcj-multifile --enable-java-maintainer-mode --with-ecj-jar=/usr/share/java/eclipse-ecj.jar --disable-libjava-multilib --with-ppl --with-cloog --with-tune=generic --with-arch_32=i686 --build=x86_64-redhat-linux
Thread model: posix
gcc version 4.4.6 20120305 (Red Hat 4.4.6-4) (GCC) 
configure:3357: $? = 0
configure:3346: g++ -V >&5
g++: '-V' option must have argument
configure:3357: $? = 1
configure:3346: g++ -qversion >&5
g++: unrecognized option '-qversion'
g++: no input files
configure:3357: $? = 1
configure:3377: checking whether the C++ compiler works
configure:3399: g++    conftest.cpp  >&5
configure:3403: $? = 0
configure:3452: result: yes
configure:3455: checking for C++ compiler default output file name
configure:3457: result: a.out
configure:3463: checking for suffix of executables
configure:3470: g++ -o conftest    conftest.cpp  >&5
configure:3474: $? = 0
configure:3496: result: 
configure:3518: checking whether we are cross compiling
configure:3526: g++ -o conftest    conftest.cpp  >&5
configure:3530: $? = 0
configure:3537: ./conftest
configure:3541: $? = 0
configure:3556: result: no
configure:3561: checking for suffix of object files
configure:3583: g++ -c   conftest.cpp >&5
configure:3587: $? = 0
configure:3608: result: o
configure:3612: checking whether we are using the GNU C++ compiler
configure:3631: g++ -c   conftest.cpp >&5
configure:3631: $? = 0
configure:3640: result: yes
configure:3649: checking whether g++ accepts -g
configure:3669: g++ -c -g  conftest.cpp >&5
configure:3669: $? = 0
configure:3710: result: yes
configure:3744: checking for style of include used by make
configure:3772: result: GNU
configure:3797: checking dependency style of g++
configure:3888: result: gcc3
configure:3951: checking for gcc
configure:3967: found /usr/bin/gcc
configure:3978: result: gcc
configure:4207: checking for C compiler version
configure:4216: gcc --version >&5
gcc (GCC) 4.4.6 20120305 (Red Hat 4.4.6-4)
Copyright (C) 2010 Free Software Foundation, Inc.
This is free software; see the source for copying conditions.  There is NO
warranty; not even for MERCHANTABILITY or FITNESS FOR A PARTICULAR PURPOSE.

configure:4227: $? = 0
configure:4216: gcc -v >&5
Using built-in specs.
Target: x86_64-redhat-linux
Configured with: ../configure --prefix=/usr --mandir=/usr/share/man --infodir=/usr/share/info --with-bugurl=http://bugzilla.redhat.com/bugzilla --enable-bootstrap --enable-shared --enable-threads=posix --enable-checking=release --with-system-zlib --enable-__cxa_atexit --disable-libunwind-exceptions --enable-gnu-unique-object --enable-languages=c,c++,objc,obj-c++,java,fortran,ada --enable-java-awt=gtk --disable-dssi --with-java-home=/usr/lib/jvm/java-1.5.0-gcj-1.5.0.0/jre --enable-libgcj-multifile --enable-java-maintainer-mode --with-ecj-jar=/usr/share/java/eclipse-ecj.jar --disable-libjava-multilib --with-ppl --with-cloog --with-tune=generic --with-arch_32=i686 --build=x86_64-redhat-linux
Thread model: posix
gcc version 4.4.6 20120305 (Red Hat 4.4.6-4) (GCC) 
configure:4227: $? = 0
configure:4216: gcc -V >&5
gcc: '-V' option must have argument
configure:4227: $? = 1
configure:4216: gcc -qversion >&5
gcc: unrecognized option '-qversion'
gcc: no input files
configure:4227: $? = 1
configure:4231: checking whether we are using the GNU C compiler
configure:4250: gcc -c   conftest.c >&5
configure:4250: $? = 0
configure:4259: result: yes
configure:4268: checking whether gcc accepts -g
configure:4288: gcc -c -g  conftest.c >&5
configure:4288: $? = 0
configure:4329: result: yes
configure:4346: checking for gcc option to accept ISO C89
configure:4410: gcc  -c -g -O2  conftest.c >&5
configure:4410: $? = 0
configure:4423: result: none needed
configure:4445: checking dependency style of gcc
configure:4536: result: gcc3
configure:4556: checking how to run the C preprocessor
configure:4587: gcc -E  conftest.c
configure:4587: $? = 0
configure:4601: gcc -E  conftest.c
conftest.c:11:28: error: ac_nonexistent.h: No such file or directory
configure:4601: $? = 1
configure: failed program was:
| /* confdefs.h */
| #define PACKAGE_NAME "gperftools"
| #define PACKAGE_TARNAME "gperftools"
| #define PACKAGE_VERSION "2.0"
| #define PACKAGE_STRING "gperftools 2.0"
| #define PACKAGE_BUGREPORT "google-perftools@googlegroups.com"
| #define PACKAGE_URL ""
| #define PACKAGE "gperftools"
| #define VERSION "2.0"
| /* end confdefs.h.  */
| #include <ac_nonexistent.h>
configure:4626: result: gcc -E
configure:4646: gcc -E  conftest.c
configure:4646: $? = 0
configure:4660: gcc -E  conftest.c
conftest.c:11:28: error: ac_nonexistent.h: No such file or directory
configure:4660: $? = 1
configure: failed program was:
| /* confdefs.h */
| #define PACKAGE_NAME "gperftools"
| #define PACKAGE_TARNAME "gperftools"
| #define PACKAGE_VERSION "2.0"
| #define PACKAGE_STRING "gperftools 2.0"
| #define PACKAGE_BUGREPORT "google-perftools@googlegroups.com"
| #define PACKAGE_URL ""
| #define PACKAGE "gperftools"
| #define VERSION "2.0"
| /* end confdefs.h.  */
| #include <ac_nonexistent.h>
configure:4697: checking whether gcc and cc understand -c and -o together
configure:4728: gcc -c conftest.c -o conftest2.o >&5
configure:4732: $? = 0
configure:4738: gcc -c conftest.c -o conftest2.o >&5
configure:4742: $? = 0
configure:4753: cc -c conftest.c >&5
configure:4757: $? = 0
configure:4765: cc -c conftest.c -o conftest2.o >&5
configure:4769: $? = 0
configure:4775: cc -c conftest.c -o conftest2.o >&5
configure:4779: $? = 0
configure:4797: result: yes
configure:4866: checking for objcopy
configure:4882: found /usr/bin/objcopy
configure:4893: result: objcopy
configure:4917: checking if objcopy supports -W
configure:4926: gcc -o conftest -g -O2   conftest.c  >&5
configure:4926: $? = 0
configure:4938: result: yes
configure:5047: checking for a sed that does not truncate output
configure:5111: result: /bin/sed
configure:5129: checking for grep that handles long lines and -e
configure:5187: result: /bin/grep
configure:5192: checking for egrep
configure:5254: result: /bin/grep -E
configure:5259: checking for fgrep
configure:5321: result: /bin/grep -F
configure:5356: checking for ld used by gcc
configure:5423: result: /usr/bin/ld
configure:5430: checking if the linker (/usr/bin/ld) is GNU ld
configure:5445: result: yes
configure:5457: checking for BSD- or MS-compatible name lister (nm)
configure:5506: result: /usr/bin/nm -B
configure:5624: checking the name lister (/usr/bin/nm -B) interface
configure:5631: gcc -c -g -O2  conftest.c >&5
configure:5634: /usr/bin/nm -B "conftest.o"
configure:5637: output
0000000000000000 B some_variable
configure:5644: result: BSD nm
configure:5647: checking whether ln -s works
configure:5651: result: yes
configure:5659: checking the maximum length of command line arguments
configure:5779: result: 1966080
configure:5796: checking whether the shell understands some XSI constructs
configure:5806: result: yes
configure:5810: checking whether the shell understands "+="
configure:5816: result: yes
configure:5851: checking for /usr/bin/ld option to reload object files
configure:5858: result: -r
configure:5927: checking for objdump
configure:5943: found /usr/bin/objdump
configure:5954: result: objdump
configure:5986: checking how to recognize dependent libraries
configure:6182: result: pass_all
configure:6242: checking for ar
configure:6258: found /usr/bin/ar
configure:6269: result: ar
configure:6347: checking for strip
configure:6363: found /usr/bin/strip
configure:6374: result: strip
configure:6446: checking for ranlib
configure:6462: found /usr/bin/ranlib
configure:6473: result: ranlib
configure:6563: checking command to parse /usr/bin/nm -B output from gcc object
configure:6681: gcc -c -g -O2  conftest.c >&5
configure:6684: $? = 0
configure:6688: /usr/bin/nm -B conftest.o \| sed -n -e 's/^.*[	 ]\([ABCDGIRSTW][ABCDGIRSTW]*\)[	 ][	 ]*\([_A-Za-z][_A-Za-z0-9]*\)$/\1 \2 \2/p' \> conftest.nm
configure:6691: $? = 0
configure:6745: gcc -o conftest -g -O2   conftest.c conftstm.o >&5
configure:6748: $? = 0
configure:6786: result: ok
configure:6881: gcc -c -g -O2  conftest.c >&5
configure:6884: $? = 0
configure:7590: checking for ANSI C header files
configure:7610: gcc -c -g -O2  conftest.c >&5
configure:7610: $? = 0
configure:7683: gcc -o conftest -g -O2   conftest.c  >&5
configure:7683: $? = 0
configure:7683: ./conftest
configure:7683: $? = 0
configure:7694: result: yes
configure:7707: checking for sys/types.h
configure:7707: gcc -c -g -O2  conftest.c >&5
configure:7707: $? = 0
configure:7707: result: yes
configure:7707: checking for sys/stat.h
configure:7707: gcc -c -g -O2  conftest.c >&5
configure:7707: $? = 0
configure:7707: result: yes
configure:7707: checking for stdlib.h
configure:7707: gcc -c -g -O2  conftest.c >&5
configure:7707: $? = 0
configure:7707: result: yes
configure:7707: checking for string.h
configure:7707: gcc -c -g -O2  conftest.c >&5
configure:7707: $? = 0
configure:7707: result: yes
configure:7707: checking for memory.h
configure:7707: gcc -c -g -O2  conftest.c >&5
configure:7707: $? = 0
configure:7707: result: yes
configure:7707: checking for strings.h
configure:7707: gcc -c -g -O2  conftest.c >&5
configure:7707: $? = 0
configure:7707: result: yes
configure:7707: checking for inttypes.h
configure:7707: gcc -c -g -O2  conftest.c >&5
configure:7707: $? = 0
configure:7707: result: yes
configure:7707: checking for stdint.h
configure:7707: gcc -c -g -O2  conftest.c >&5
configure:7707: $? = 0
configure:7707: result: yes
configure:7707: checking for unistd.h
configure:7707: gcc -c -g -O2  conftest.c >&5
configure:7707: $? = 0
configure:7707: result: yes
configure:7722: checking for dlfcn.h
configure:7722: gcc -c -g -O2  conftest.c >&5
configure:7722: $? = 0
configure:7722: result: yes
configure:7847: checking for C++ compiler version
configure:7856: g++ --version >&5
g++ (GCC) 4.4.6 20120305 (Red Hat 4.4.6-4)
Copyright (C) 2010 Free Software Foundation, Inc.
This is free software; see the source for copying conditions.  There is NO
warranty; not even for MERCHANTABILITY or FITNESS FOR A PARTICULAR PURPOSE.

configure:7867: $? = 0
configure:7856: g++ -v >&5
Using built-in specs.
Target: x86_64-redhat-linux
Configured with: ../configure --prefix=/usr --mandir=/usr/share/man --infodir=/usr/share/info --with-bugurl=http://bugzilla.redhat.com/bugzilla --enable-bootstrap --enable-shared --enable-threads=posix --enable-checking=release --with-system-zlib --enable-__cxa_atexit --disable-libunwind-exceptions --enable-gnu-unique-object --enable-languages=c,c++,objc,obj-c++,java,fortran,ada --enable-java-awt=gtk --disable-dssi --with-java-home=/usr/lib/jvm/java-1.5.0-gcj-1.5.0.0/jre --enable-libgcj-multifile --enable-java-maintainer-mode --with-ecj-jar=/usr/share/java/eclipse-ecj.jar --disable-libjava-multilib --with-ppl --with-cloog --with-tune=generic --with-arch_32=i686 --build=x86_64-redhat-linux
Thread model: posix
gcc version 4.4.6 20120305 (Red Hat 4.4.6-4) (GCC) 
configure:7867: $? = 0
configure:7856: g++ -V >&5
g++: '-V' option must have argument
configure:7867: $? = 1
configure:7856: g++ -qversion >&5
g++: unrecognized option '-qversion'
g++: no input files
configure:7867: $? = 1
configure:7871: checking whether we are using the GNU C++ compiler
configure:7899: result: yes
configure:7908: checking whether g++ accepts -g
configure:7969: result: yes
configure:7994: checking dependency style of g++
configure:8085: result: gcc3
configure:8108: checking how to run the C++ preprocessor
configure:8135: g++ -E  conftest.cpp
configure:8135: $? = 0
configure:8149: g++ -E  conftest.cpp
conftest.cpp:22:28: error: ac_nonexistent.h: No such file or directory
configure:8149: $? = 1
configure: failed program was:
| /* confdefs.h */
| #define PACKAGE_NAME "gperftools"
| #define PACKAGE_TARNAME "gperftools"
| #define PACKAGE_VERSION "2.0"
| #define PACKAGE_STRING "gperftools 2.0"
| #define PACKAGE_BUGREPORT "google-perftools@googlegroups.com"
| #define PACKAGE_URL ""
| #define PACKAGE "gperftools"
| #define VERSION "2.0"
| #define STDC_HEADERS 1
| #define HAVE_SYS_TYPES_H 1
| #define HAVE_SYS_STAT_H 1
| #define HAVE_STDLIB_H 1
| #define HAVE_STRING_H 1
| #define HAVE_MEMORY_H 1
| #define HAVE_STRINGS_H 1
| #define HAVE_INTTYPES_H 1
| #define HAVE_STDINT_H 1
| #define HAVE_UNISTD_H 1
| #define HAVE_DLFCN_H 1
| /* end confdefs.h.  */
| #include <ac_nonexistent.h>
configure:8174: result: g++ -E
configure:8194: g++ -E  conftest.cpp
configure:8194: $? = 0
configure:8208: g++ -E  conftest.cpp
conftest.cpp:22:28: error: ac_nonexistent.h: No such file or directory
configure:8208: $? = 1
configure: failed program was:
| /* confdefs.h */
| #define PACKAGE_NAME "gperftools"
| #define PACKAGE_TARNAME "gperftools"
| #define PACKAGE_VERSION "2.0"
| #define PACKAGE_STRING "gperftools 2.0"
| #define PACKAGE_BUGREPORT "google-perftools@googlegroups.com"
| #define PACKAGE_URL ""
| #define PACKAGE "gperftools"
| #define VERSION "2.0"
| #define STDC_HEADERS 1
| #define HAVE_SYS_TYPES_H 1
| #define HAVE_SYS_STAT_H 1
| #define HAVE_STDLIB_H 1
| #define HAVE_STRING_H 1
| #define HAVE_MEMORY_H 1
| #define HAVE_STRINGS_H 1
| #define HAVE_INTTYPES_H 1
| #define HAVE_STDINT_H 1
| #define HAVE_UNISTD_H 1
| #define HAVE_DLFCN_H 1
| /* end confdefs.h.  */
| #include <ac_nonexistent.h>
configure:8385: checking for objdir
configure:8400: result: .libs
configure:8696: checking if gcc supports -fno-rtti -fno-exceptions
configure:8714: gcc -c -g -O2  -fno-rtti -fno-exceptions conftest.c >&5
cc1: warning: command line option "-fno-rtti" is valid for C++/ObjC++ but not for C
configure:8718: $? = 0
configure:8731: result: no
configure:8751: checking for gcc option to produce PIC
configure:9023: result: -fPIC -DPIC
configure:9035: checking if gcc PIC flag -fPIC -DPIC works
configure:9053: gcc -c -g -O2  -fPIC -DPIC -DPIC conftest.c >&5
configure:9057: $? = 0
configure:9070: result: yes
configure:9094: checking if gcc static flag -static works
configure:9122: result: no
configure:9137: checking if gcc supports -c -o file.o
configure:9158: gcc -c -g -O2  -o out/conftest2.o conftest.c >&5
configure:9162: $? = 0
configure:9184: result: yes
configure:9192: checking if gcc supports -c -o file.o
configure:9239: result: yes
configure:9272: checking whether the gcc linker (/usr/bin/ld -m elf_x86_64) supports shared libraries
configure:10263: result: yes
configure:10300: checking whether -lc should be explicitly linked in
configure:10305: gcc -c -g -O2  conftest.c >&5
configure:10308: $? = 0
configure:10323: gcc -shared conftest.o  -v -Wl,-soname -Wl,conftest -o conftest 2\>\&1 \| /bin/grep  -lc  \>/dev/null 2\>\&1
configure:10326: $? = 0
configure:10338: result: no
configure:10502: checking dynamic linker characteristics
configure:10935: gcc -o conftest -g -O2   -Wl,-rpath -Wl,/foo conftest.c  >&5
configure:10935: $? = 0
configure:11165: result: GNU/Linux ld.so
configure:11267: checking how to hardcode library paths into programs
configure:11292: result: immediate
configure:11812: checking whether stripping libraries is possible
configure:11817: result: yes
configure:11852: checking if libtool supports shared libraries
configure:11854: result: yes
configure:11857: checking whether to build shared libraries
configure:11878: result: yes
configure:11881: checking whether to build static libraries
configure:11885: result: yes
configure:12035: checking for ld used by g++
configure:12102: result: /usr/bin/ld -m elf_x86_64
configure:12109: checking if the linker (/usr/bin/ld -m elf_x86_64) is GNU ld
configure:12124: result: yes
configure:12179: checking whether the g++ linker (/usr/bin/ld -m elf_x86_64) supports shared libraries
configure:13092: result: yes
configure:13120: g++ -c -g -O2  conftest.cpp >&5
configure:13123: $? = 0
configure:13305: checking for g++ option to produce PIC
configure:13622: result: -fPIC -DPIC
configure:13631: checking if g++ PIC flag -fPIC -DPIC works
configure:13649: g++ -c -g -O2  -fPIC -DPIC -DPIC conftest.cpp >&5
configure:13653: $? = 0
configure:13666: result: yes
configure:13687: checking if g++ static flag -static works
configure:13715: result: no
configure:13727: checking if g++ supports -c -o file.o
configure:13748: g++ -c -g -O2  -o out/conftest2.o conftest.cpp >&5
configure:13752: $? = 0
configure:13774: result: yes
configure:13779: checking if g++ supports -c -o file.o
configure:13826: result: yes
configure:13856: checking whether the g++ linker (/usr/bin/ld -m elf_x86_64) supports shared libraries
configure:13885: result: yes
configure:14022: checking dynamic linker characteristics
configure:14403: g++ -o conftest -g -O2   -Wl,-rpath -Wl,/foo conftest.cpp  >&5
configure:14403: $? = 0
configure:14633: result: GNU/Linux ld.so
configure:14684: checking how to hardcode library paths into programs
configure:14709: result: immediate
configure:14777: checking for inline
configure:14793: gcc -c -g -O2  conftest.c >&5
configure:14793: $? = 0
configure:14801: result: inline
configure:14820: checking for __attribute__
configure:14839: gcc -c -g -O2  conftest.c >&5
configure:14839: $? = 0
configure:14853: result: yes
configure:14858: checking for ANSI C header files
configure:14962: result: yes
configure:14972: checking for __int64
configure:14972: gcc -c -g -O2  conftest.c >&5
conftest.c: In function 'main':
conftest.c:61: error: '__int64' undeclared (first use in this function)
conftest.c:61: error: (Each undeclared identifier is reported only once
conftest.c:61: error: for each function it appears in.)
configure:14972: $? = 1
configure: failed program was:
| /* confdefs.h */
| #define PACKAGE_NAME "gperftools"
| #define PACKAGE_TARNAME "gperftools"
| #define PACKAGE_VERSION "2.0"
| #define PACKAGE_STRING "gperftools 2.0"
| #define PACKAGE_BUGREPORT "google-perftools@googlegroups.com"
| #define PACKAGE_URL ""
| #define PACKAGE "gperftools"
| #define VERSION "2.0"
| #define STDC_HEADERS 1
| #define HAVE_SYS_TYPES_H 1
| #define HAVE_SYS_STAT_H 1
| #define HAVE_STDLIB_H 1
| #define HAVE_STRING_H 1
| #define HAVE_MEMORY_H 1
| #define HAVE_STRINGS_H 1
| #define HAVE_INTTYPES_H 1
| #define HAVE_STDINT_H 1
| #define HAVE_UNISTD_H 1
| #define HAVE_DLFCN_H 1
| #define LT_OBJDIR ".libs/"
| #define HAVE___ATTRIBUTE__ 1
| #define STDC_HEADERS 1
| /* end confdefs.h.  */
| #include <stdio.h>
| #ifdef HAVE_SYS_TYPES_H
| # include <sys/types.h>
| #endif
| #ifdef HAVE_SYS_STAT_H
| # include <sys/stat.h>
| #endif
| #ifdef STDC_HEADERS
| # include <stdlib.h>
| # include <stddef.h>
| #else
| # ifdef HAVE_STDLIB_H
| #  include <stdlib.h>
| # endif
| #endif
| #ifdef HAVE_STRING_H
| # if !defined STDC_HEADERS && defined HAVE_MEMORY_H
| #  include <memory.h>
| # endif
| # include <string.h>
| #endif
| #ifdef HAVE_STRINGS_H
| # include <strings.h>
| #endif
| #ifdef HAVE_INTTYPES_H
| # include <inttypes.h>
| #endif
| #ifdef HAVE_STDINT_H
| # include <stdint.h>
| #endif
| #ifdef HAVE_UNISTD_H
| # include <unistd.h>
| #endif
| int
| main ()
| {
| if (sizeof (__int64))
| 	 return 0;
|   ;
|   return 0;
| }
configure:14972: result: no
configure:14982: checking for struct mallinfo
configure:14982: gcc -c -g -O2  conftest.c >&5
configure:14982: $? = 0
configure:14982: gcc -c -g -O2  conftest.c >&5
conftest.c: In function 'main':
conftest.c:30: error: expected expression before ')' token
configure:14982: $? = 1
configure: failed program was:
| /* confdefs.h */
| #define PACKAGE_NAME "gperftools"
| #define PACKAGE_TARNAME "gperftools"
| #define PACKAGE_VERSION "2.0"
| #define PACKAGE_STRING "gperftools 2.0"
| #define PACKAGE_BUGREPORT "google-perftools@googlegroups.com"
| #define PACKAGE_URL ""
| #define PACKAGE "gperftools"
| #define VERSION "2.0"
| #define STDC_HEADERS 1
| #define HAVE_SYS_TYPES_H 1
| #define HAVE_SYS_STAT_H 1
| #define HAVE_STDLIB_H 1
| #define HAVE_STRING_H 1
| #define HAVE_MEMORY_H 1
| #define HAVE_STRINGS_H 1
| #define HAVE_INTTYPES_H 1
| #define HAVE_STDINT_H 1
| #define HAVE_UNISTD_H 1
| #define HAVE_DLFCN_H 1
| #define LT_OBJDIR ".libs/"
| #define HAVE___ATTRIBUTE__ 1
| #define STDC_HEADERS 1
| /* end confdefs.h.  */
| #include <malloc.h>
| 
| int
| main ()
| {
| if (sizeof ((struct mallinfo)))
| 	    return 0;
|   ;
|   return 0;
| }
configure:14982: result: yes
configure:14993: checking for Elf32_Versym
configure:14993: gcc -c -g -O2  conftest.c >&5
configure:14993: $? = 0
configure:14993: gcc -c -g -O2  conftest.c >&5
conftest.c: In function 'main':
conftest.c:31: error: expected expression before ')' token
configure:14993: $? = 1
configure: failed program was:
| /* confdefs.h */
| #define PACKAGE_NAME "gperftools"
| #define PACKAGE_TARNAME "gperftools"
| #define PACKAGE_VERSION "2.0"
| #define PACKAGE_STRING "gperftools 2.0"
| #define PACKAGE_BUGREPORT "google-perftools@googlegroups.com"
| #define PACKAGE_URL ""
| #define PACKAGE "gperftools"
| #define VERSION "2.0"
| #define STDC_HEADERS 1
| #define HAVE_SYS_TYPES_H 1
| #define HAVE_SYS_STAT_H 1
| #define HAVE_STDLIB_H 1
| #define HAVE_STRING_H 1
| #define HAVE_MEMORY_H 1
| #define HAVE_STRINGS_H 1
| #define HAVE_INTTYPES_H 1
| #define HAVE_STDINT_H 1
| #define HAVE_UNISTD_H 1
| #define HAVE_DLFCN_H 1
| #define LT_OBJDIR ".libs/"
| #define HAVE___ATTRIBUTE__ 1
| #define STDC_HEADERS 1
| #define HAVE_STRUCT_MALLINFO 1
| /* end confdefs.h.  */
| #include <elf.h>
| 
| int
| main ()
| {
| if (sizeof ((Elf32_Versym)))
| 	    return 0;
|   ;
|   return 0;
| }
configure:14993: result: yes
configure:15006: checking for sbrk
configure:15006: gcc -o conftest -g -O2   conftest.c  >&5
configure:15006: $? = 0
configure:15006: result: yes
configure:15017: checking for geteuid
configure:15017: gcc -o conftest -g -O2   conftest.c  >&5
configure:15017: $? = 0
configure:15017: result: yes
configure:15028: checking features.h usability
configure:15028: gcc -c -g -O2  conftest.c >&5
configure:15028: $? = 0
configure:15028: result: yes
configure:15028: checking features.h presence
configure:15028: gcc -E  conftest.c
configure:15028: $? = 0
configure:15028: result: yes
configure:15028: checking for features.h
configure:15028: result: yes
configure:15040: checking malloc.h usability
configure:15040: gcc -c -g -O2  conftest.c >&5
configure:15040: $? = 0
configure:15040: result: yes
configure:15040: checking malloc.h presence
configure:15040: gcc -E  conftest.c
configure:15040: $? = 0
configure:15040: result: yes
configure:15040: checking for malloc.h
configure:15040: result: yes
configure:15052: checking sys/malloc.h usability
configure:15052: gcc -c -g -O2  conftest.c >&5
conftest.c:64:24: error: sys/malloc.h: No such file or directory
configure:15052: $? = 1
configure: failed program was:
| /* confdefs.h */
| #define PACKAGE_NAME "gperftools"
| #define PACKAGE_TARNAME "gperftools"
| #define PACKAGE_VERSION "2.0"
| #define PACKAGE_STRING "gperftools 2.0"
| #define PACKAGE_BUGREPORT "google-perftools@googlegroups.com"
| #define PACKAGE_URL ""
| #define PACKAGE "gperftools"
| #define VERSION "2.0"
| #define STDC_HEADERS 1
| #define HAVE_SYS_TYPES_H 1
| #define HAVE_SYS_STAT_H 1
| #define HAVE_STDLIB_H 1
| #define HAVE_STRING_H 1
| #define HAVE_MEMORY_H 1
| #define HAVE_STRINGS_H 1
| #define HAVE_INTTYPES_H 1
| #define HAVE_STDINT_H 1
| #define HAVE_UNISTD_H 1
| #define HAVE_DLFCN_H 1
| #define LT_OBJDIR ".libs/"
| #define HAVE___ATTRIBUTE__ 1
| #define STDC_HEADERS 1
| #define HAVE_STRUCT_MALLINFO 1
| #define HAVE_ELF32_VERSYM 1
| #define HAVE_SBRK 1
| #define HAVE_GETEUID 1
| #define HAVE_FEATURES_H 1
| #define HAVE_MALLOC_H 1
| /* end confdefs.h.  */
| #include <stdio.h>
| #ifdef HAVE_SYS_TYPES_H
| # include <sys/types.h>
| #endif
| #ifdef HAVE_SYS_STAT_H
| # include <sys/stat.h>
| #endif
| #ifdef STDC_HEADERS
| # include <stdlib.h>
| # include <stddef.h>
| #else
| # ifdef HAVE_STDLIB_H
| #  include <stdlib.h>
| # endif
| #endif
| #ifdef HAVE_STRING_H
| # if !defined STDC_HEADERS && defined HAVE_MEMORY_H
| #  include <memory.h>
| # endif
| # include <string.h>
| #endif
| #ifdef HAVE_STRINGS_H
| # include <strings.h>
| #endif
| #ifdef HAVE_INTTYPES_H
| # include <inttypes.h>
| #endif
| #ifdef HAVE_STDINT_H
| # include <stdint.h>
| #endif
| #ifdef HAVE_UNISTD_H
| # include <unistd.h>
| #endif
| #include <sys/malloc.h>
configure:15052: result: no
configure:15052: checking sys/malloc.h presence
configure:15052: gcc -E  conftest.c
conftest.c:31:24: error: sys/malloc.h: No such file or directory
configure:15052: $? = 1
configure: failed program was:
| /* confdefs.h */
| #define PACKAGE_NAME "gperftools"
| #define PACKAGE_TARNAME "gperftools"
| #define PACKAGE_VERSION "2.0"
| #define PACKAGE_STRING "gperftools 2.0"
| #define PACKAGE_BUGREPORT "google-perftools@googlegroups.com"
| #define PACKAGE_URL ""
| #define PACKAGE "gperftools"
| #define VERSION "2.0"
| #define STDC_HEADERS 1
| #define HAVE_SYS_TYPES_H 1
| #define HAVE_SYS_STAT_H 1
| #define HAVE_STDLIB_H 1
| #define HAVE_STRING_H 1
| #define HAVE_MEMORY_H 1
| #define HAVE_STRINGS_H 1
| #define HAVE_INTTYPES_H 1
| #define HAVE_STDINT_H 1
| #define HAVE_UNISTD_H 1
| #define HAVE_DLFCN_H 1
| #define LT_OBJDIR ".libs/"
| #define HAVE___ATTRIBUTE__ 1
| #define STDC_HEADERS 1
| #define HAVE_STRUCT_MALLINFO 1
| #define HAVE_ELF32_VERSYM 1
| #define HAVE_SBRK 1
| #define HAVE_GETEUID 1
| #define HAVE_FEATURES_H 1
| #define HAVE_MALLOC_H 1
| /* end confdefs.h.  */
| #include <sys/malloc.h>
configure:15052: result: no
configure:15052: checking for sys/malloc.h
configure:15052: result: no
configure:15064: checking malloc/malloc.h usability
configure:15064: gcc -c -g -O2  conftest.c >&5
conftest.c:64:27: error: malloc/malloc.h: No such file or directory
configure:15064: $? = 1
configure: failed program was:
| /* confdefs.h */
| #define PACKAGE_NAME "gperftools"
| #define PACKAGE_TARNAME "gperftools"
| #define PACKAGE_VERSION "2.0"
| #define PACKAGE_STRING "gperftools 2.0"
| #define PACKAGE_BUGREPORT "google-perftools@googlegroups.com"
| #define PACKAGE_URL ""
| #define PACKAGE "gperftools"
| #define VERSION "2.0"
| #define STDC_HEADERS 1
| #define HAVE_SYS_TYPES_H 1
| #define HAVE_SYS_STAT_H 1
| #define HAVE_STDLIB_H 1
| #define HAVE_STRING_H 1
| #define HAVE_MEMORY_H 1
| #define HAVE_STRINGS_H 1
| #define HAVE_INTTYPES_H 1
| #define HAVE_STDINT_H 1
| #define HAVE_UNISTD_H 1
| #define HAVE_DLFCN_H 1
| #define LT_OBJDIR ".libs/"
| #define HAVE___ATTRIBUTE__ 1
| #define STDC_HEADERS 1
| #define HAVE_STRUCT_MALLINFO 1
| #define HAVE_ELF32_VERSYM 1
| #define HAVE_SBRK 1
| #define HAVE_GETEUID 1
| #define HAVE_FEATURES_H 1
| #define HAVE_MALLOC_H 1
| /* end confdefs.h.  */
| #include <stdio.h>
| #ifdef HAVE_SYS_TYPES_H
| # include <sys/types.h>
| #endif
| #ifdef HAVE_SYS_STAT_H
| # include <sys/stat.h>
| #endif
| #ifdef STDC_HEADERS
| # include <stdlib.h>
| # include <stddef.h>
| #else
| # ifdef HAVE_STDLIB_H
| #  include <stdlib.h>
| # endif
| #endif
| #ifdef HAVE_STRING_H
| # if !defined STDC_HEADERS && defined HAVE_MEMORY_H
| #  include <memory.h>
| # endif
| # include <string.h>
| #endif
| #ifdef HAVE_STRINGS_H
| # include <strings.h>
| #endif
| #ifdef HAVE_INTTYPES_H
| # include <inttypes.h>
| #endif
| #ifdef HAVE_STDINT_H
| # include <stdint.h>
| #endif
| #ifdef HAVE_UNISTD_H
| # include <unistd.h>
| #endif
| #include <malloc/malloc.h>
configure:15064: result: no
configure:15064: checking malloc/malloc.h presence
configure:15064: gcc -E  conftest.c
conftest.c:31:27: error: malloc/malloc.h: No such file or directory
configure:15064: $? = 1
configure: failed program was:
| /* confdefs.h */
| #define PACKAGE_NAME "gperftools"
| #define PACKAGE_TARNAME "gperftools"
| #define PACKAGE_VERSION "2.0"
| #define PACKAGE_STRING "gperftools 2.0"
| #define PACKAGE_BUGREPORT "google-perftools@googlegroups.com"
| #define PACKAGE_URL ""
| #define PACKAGE "gperftools"
| #define VERSION "2.0"
| #define STDC_HEADERS 1
| #define HAVE_SYS_TYPES_H 1
| #define HAVE_SYS_STAT_H 1
| #define HAVE_STDLIB_H 1
| #define HAVE_STRING_H 1
| #define HAVE_MEMORY_H 1
| #define HAVE_STRINGS_H 1
| #define HAVE_INTTYPES_H 1
| #define HAVE_STDINT_H 1
| #define HAVE_UNISTD_H 1
| #define HAVE_DLFCN_H 1
| #define LT_OBJDIR ".libs/"
| #define HAVE___ATTRIBUTE__ 1
| #define STDC_HEADERS 1
| #define HAVE_STRUCT_MALLINFO 1
| #define HAVE_ELF32_VERSYM 1
| #define HAVE_SBRK 1
| #define HAVE_GETEUID 1
| #define HAVE_FEATURES_H 1
| #define HAVE_MALLOC_H 1
| /* end confdefs.h.  */
| #include <malloc/malloc.h>
configure:15064: result: no
configure:15064: checking for malloc/malloc.h
configure:15064: result: no
configure:15076: checking glob.h usability
configure:15076: gcc -c -g -O2  conftest.c >&5
configure:15076: $? = 0
configure:15076: result: yes
configure:15076: checking glob.h presence
configure:15076: gcc -E  conftest.c
configure:15076: $? = 0
configure:15076: result: yes
configure:15076: checking for glob.h
configure:15076: result: yes
configure:15088: checking execinfo.h usability
configure:15088: gcc -c -g -O2  conftest.c >&5
configure:15088: $? = 0
configure:15088: result: yes
configure:15088: checking execinfo.h presence
configure:15088: gcc -E  conftest.c
configure:15088: $? = 0
configure:15088: result: yes
configure:15088: checking for execinfo.h
configure:15088: result: yes
configure:15100: checking libunwind.h usability
configure:15100: gcc -c -g -O2  conftest.c >&5
conftest.c:66:23: error: libunwind.h: No such file or directory
configure:15100: $? = 1
configure: failed program was:
| /* confdefs.h */
| #define PACKAGE_NAME "gperftools"
| #define PACKAGE_TARNAME "gperftools"
| #define PACKAGE_VERSION "2.0"
| #define PACKAGE_STRING "gperftools 2.0"
| #define PACKAGE_BUGREPORT "google-perftools@googlegroups.com"
| #define PACKAGE_URL ""
| #define PACKAGE "gperftools"
| #define VERSION "2.0"
| #define STDC_HEADERS 1
| #define HAVE_SYS_TYPES_H 1
| #define HAVE_SYS_STAT_H 1
| #define HAVE_STDLIB_H 1
| #define HAVE_STRING_H 1
| #define HAVE_MEMORY_H 1
| #define HAVE_STRINGS_H 1
| #define HAVE_INTTYPES_H 1
| #define HAVE_STDINT_H 1
| #define HAVE_UNISTD_H 1
| #define HAVE_DLFCN_H 1
| #define LT_OBJDIR ".libs/"
| #define HAVE___ATTRIBUTE__ 1
| #define STDC_HEADERS 1
| #define HAVE_STRUCT_MALLINFO 1
| #define HAVE_ELF32_VERSYM 1
| #define HAVE_SBRK 1
| #define HAVE_GETEUID 1
| #define HAVE_FEATURES_H 1
| #define HAVE_MALLOC_H 1
| #define HAVE_GLOB_H 1
| #define HAVE_EXECINFO_H 1
| /* end confdefs.h.  */
| #include <stdio.h>
| #ifdef HAVE_SYS_TYPES_H
| # include <sys/types.h>
| #endif
| #ifdef HAVE_SYS_STAT_H
| # include <sys/stat.h>
| #endif
| #ifdef STDC_HEADERS
| # include <stdlib.h>
| # include <stddef.h>
| #else
| # ifdef HAVE_STDLIB_H
| #  include <stdlib.h>
| # endif
| #endif
| #ifdef HAVE_STRING_H
| # if !defined STDC_HEADERS && defined HAVE_MEMORY_H
| #  include <memory.h>
| # endif
| # include <string.h>
| #endif
| #ifdef HAVE_STRINGS_H
| # include <strings.h>
| #endif
| #ifdef HAVE_INTTYPES_H
| # include <inttypes.h>
| #endif
| #ifdef HAVE_STDINT_H
| # include <stdint.h>
| #endif
| #ifdef HAVE_UNISTD_H
| # include <unistd.h>
| #endif
| #include <libunwind.h>
configure:15100: result: no
configure:15100: checking libunwind.h presence
configure:15100: gcc -E  conftest.c
conftest.c:33:23: error: libunwind.h: No such file or directory
configure:15100: $? = 1
configure: failed program was:
| /* confdefs.h */
| #define PACKAGE_NAME "gperftools"
| #define PACKAGE_TARNAME "gperftools"
| #define PACKAGE_VERSION "2.0"
| #define PACKAGE_STRING "gperftools 2.0"
| #define PACKAGE_BUGREPORT "google-perftools@googlegroups.com"
| #define PACKAGE_URL ""
| #define PACKAGE "gperftools"
| #define VERSION "2.0"
| #define STDC_HEADERS 1
| #define HAVE_SYS_TYPES_H 1
| #define HAVE_SYS_STAT_H 1
| #define HAVE_STDLIB_H 1
| #define HAVE_STRING_H 1
| #define HAVE_MEMORY_H 1
| #define HAVE_STRINGS_H 1
| #define HAVE_INTTYPES_H 1
| #define HAVE_STDINT_H 1
| #define HAVE_UNISTD_H 1
| #define HAVE_DLFCN_H 1
| #define LT_OBJDIR ".libs/"
| #define HAVE___ATTRIBUTE__ 1
| #define STDC_HEADERS 1
| #define HAVE_STRUCT_MALLINFO 1
| #define HAVE_ELF32_VERSYM 1
| #define HAVE_SBRK 1
| #define HAVE_GETEUID 1
| #define HAVE_FEATURES_H 1
| #define HAVE_MALLOC_H 1
| #define HAVE_GLOB_H 1
| #define HAVE_EXECINFO_H 1
| /* end confdefs.h.  */
| #include <libunwind.h>
configure:15100: result: no
configure:15100: checking for libunwind.h
configure:15100: result: no
configure:15112: checking unwind.h usability
configure:15112: gcc -c -g -O2  conftest.c >&5
configure:15112: $? = 0
configure:15112: result: yes
configure:15112: checking unwind.h presence
configure:15112: gcc -E  conftest.c
configure:15112: $? = 0
configure:15112: result: yes
configure:15112: checking for unwind.h
configure:15112: result: yes
configure:15124: checking sched.h usability
configure:15124: gcc -c -g -O2  conftest.c >&5
configure:15124: $? = 0
configure:15124: result: yes
configure:15124: checking sched.h presence
configure:15124: gcc -E  conftest.c
configure:15124: $? = 0
configure:15124: result: yes
configure:15124: checking for sched.h
configure:15124: result: yes
configure:15136: checking conflict-signal.h usability
configure:15136: gcc -c -g -O2  conftest.c >&5
conftest.c:68:29: error: conflict-signal.h: No such file or directory
configure:15136: $? = 1
configure: failed program was:
| /* confdefs.h */
| #define PACKAGE_NAME "gperftools"
| #define PACKAGE_TARNAME "gperftools"
| #define PACKAGE_VERSION "2.0"
| #define PACKAGE_STRING "gperftools 2.0"
| #define PACKAGE_BUGREPORT "google-perftools@googlegroups.com"
| #define PACKAGE_URL ""
| #define PACKAGE "gperftools"
| #define VERSION "2.0"
| #define STDC_HEADERS 1
| #define HAVE_SYS_TYPES_H 1
| #define HAVE_SYS_STAT_H 1
| #define HAVE_STDLIB_H 1
| #define HAVE_STRING_H 1
| #define HAVE_MEMORY_H 1
| #define HAVE_STRINGS_H 1
| #define HAVE_INTTYPES_H 1
| #define HAVE_STDINT_H 1
| #define HAVE_UNISTD_H 1
| #define HAVE_DLFCN_H 1
| #define LT_OBJDIR ".libs/"
| #define HAVE___ATTRIBUTE__ 1
| #define STDC_HEADERS 1
| #define HAVE_STRUCT_MALLINFO 1
| #define HAVE_ELF32_VERSYM 1
| #define HAVE_SBRK 1
| #define HAVE_GETEUID 1
| #define HAVE_FEATURES_H 1
| #define HAVE_MALLOC_H 1
| #define HAVE_GLOB_H 1
| #define HAVE_EXECINFO_H 1
| #define HAVE_UNWIND_H 1
| #define HAVE_SCHED_H 1
| /* end confdefs.h.  */
| #include <stdio.h>
| #ifdef HAVE_SYS_TYPES_H
| # include <sys/types.h>
| #endif
| #ifdef HAVE_SYS_STAT_H
| # include <sys/stat.h>
| #endif
| #ifdef STDC_HEADERS
| # include <stdlib.h>
| # include <stddef.h>
| #else
| # ifdef HAVE_STDLIB_H
| #  include <stdlib.h>
| # endif
| #endif
| #ifdef HAVE_STRING_H
| # if !defined STDC_HEADERS && defined HAVE_MEMORY_H
| #  include <memory.h>
| # endif
| # include <string.h>
| #endif
| #ifdef HAVE_STRINGS_H
| # include <strings.h>
| #endif
| #ifdef HAVE_INTTYPES_H
| # include <inttypes.h>
| #endif
| #ifdef HAVE_STDINT_H
| # include <stdint.h>
| #endif
| #ifdef HAVE_UNISTD_H
| # include <unistd.h>
| #endif
| #include <conflict-signal.h>
configure:15136: result: no
configure:15136: checking conflict-signal.h presence
configure:15136: gcc -E  conftest.c
conftest.c:35:29: error: conflict-signal.h: No such file or directory
configure:15136: $? = 1
configure: failed program was:
| /* confdefs.h */
| #define PACKAGE_NAME "gperftools"
| #define PACKAGE_TARNAME "gperftools"
| #define PACKAGE_VERSION "2.0"
| #define PACKAGE_STRING "gperftools 2.0"
| #define PACKAGE_BUGREPORT "google-perftools@googlegroups.com"
| #define PACKAGE_URL ""
| #define PACKAGE "gperftools"
| #define VERSION "2.0"
| #define STDC_HEADERS 1
| #define HAVE_SYS_TYPES_H 1
| #define HAVE_SYS_STAT_H 1
| #define HAVE_STDLIB_H 1
| #define HAVE_STRING_H 1
| #define HAVE_MEMORY_H 1
| #define HAVE_STRINGS_H 1
| #define HAVE_INTTYPES_H 1
| #define HAVE_STDINT_H 1
| #define HAVE_UNISTD_H 1
| #define HAVE_DLFCN_H 1
| #define LT_OBJDIR ".libs/"
| #define HAVE___ATTRIBUTE__ 1
| #define STDC_HEADERS 1
| #define HAVE_STRUCT_MALLINFO 1
| #define HAVE_ELF32_VERSYM 1
| #define HAVE_SBRK 1
| #define HAVE_GETEUID 1
| #define HAVE_FEATURES_H 1
| #define HAVE_MALLOC_H 1
| #define HAVE_GLOB_H 1
| #define HAVE_EXECINFO_H 1
| #define HAVE_UNWIND_H 1
| #define HAVE_SCHED_H 1
| /* end confdefs.h.  */
| #include <conflict-signal.h>
configure:15136: result: no
configure:15136: checking for conflict-signal.h
configure:15136: result: no
configure:15148: checking sys/prctl.h usability
configure:15148: gcc -c -g -O2  conftest.c >&5
configure:15148: $? = 0
configure:15148: result: yes
configure:15148: checking sys/prctl.h presence
configure:15148: gcc -E  conftest.c
configure:15148: $? = 0
configure:15148: result: yes
configure:15148: checking for sys/prctl.h
configure:15148: result: yes
configure:15160: checking linux/ptrace.h usability
configure:15160: gcc -c -g -O2  conftest.c >&5
configure:15160: $? = 0
configure:15160: result: yes
configure:15160: checking linux/ptrace.h presence
configure:15160: gcc -E  conftest.c
configure:15160: $? = 0
configure:15160: result: yes
configure:15160: checking for linux/ptrace.h
configure:15160: result: yes
configure:15172: checking sys/syscall.h usability
configure:15172: gcc -c -g -O2  conftest.c >&5
configure:15172: $? = 0
configure:15172: result: yes
configure:15172: checking sys/syscall.h presence
configure:15172: gcc -E  conftest.c
configure:15172: $? = 0
configure:15172: result: yes
configure:15172: checking for sys/syscall.h
configure:15172: result: yes
configure:15184: checking sys/socket.h usability
configure:15184: gcc -c -g -O2  conftest.c >&5
configure:15184: $? = 0
configure:15184: result: yes
configure:15184: checking sys/socket.h presence
configure:15184: gcc -E  conftest.c
configure:15184: $? = 0
configure:15184: result: yes
configure:15184: checking for sys/socket.h
configure:15184: result: yes
configure:15196: checking sys/wait.h usability
configure:15196: gcc -c -g -O2  conftest.c >&5
configure:15196: $? = 0
configure:15196: result: yes
configure:15196: checking sys/wait.h presence
configure:15196: gcc -E  conftest.c
configure:15196: $? = 0
configure:15196: result: yes
configure:15196: checking for sys/wait.h
configure:15196: result: yes
configure:15208: checking poll.h usability
configure:15208: gcc -c -g -O2  conftest.c >&5
configure:15208: $? = 0
configure:15208: result: yes
configure:15208: checking poll.h presence
configure:15208: gcc -E  conftest.c
configure:15208: $? = 0
configure:15208: result: yes
configure:15208: checking for poll.h
configure:15208: result: yes
configure:15220: checking fcntl.h usability
configure:15220: gcc -c -g -O2  conftest.c >&5
configure:15220: $? = 0
configure:15220: result: yes
configure:15220: checking fcntl.h presence
configure:15220: gcc -E  conftest.c
configure:15220: $? = 0
configure:15220: result: yes
configure:15220: checking for fcntl.h
configure:15220: result: yes
configure:15232: checking grp.h usability
configure:15232: gcc -c -g -O2  conftest.c >&5
configure:15232: $? = 0
configure:15232: result: yes
configure:15232: checking grp.h presence
configure:15232: gcc -E  conftest.c
configure:15232: $? = 0
configure:15232: result: yes
configure:15232: checking for grp.h
configure:15232: result: yes
configure:15244: checking pwd.h usability
configure:15244: gcc -c -g -O2  conftest.c >&5
configure:15244: $? = 0
configure:15244: result: yes
configure:15244: checking pwd.h presence
configure:15244: gcc -E  conftest.c
configure:15244: $? = 0
configure:15244: result: yes
configure:15244: checking for pwd.h
configure:15244: result: yes
configure:15256: checking sys/resource.h usability
configure:15256: gcc -c -g -O2  conftest.c >&5
configure:15256: $? = 0
configure:15256: result: yes
configure:15256: checking sys/resource.h presence
configure:15256: gcc -E  conftest.c
configure:15256: $? = 0
configure:15256: result: yes
configure:15256: checking for sys/resource.h
configure:15256: result: yes
configure:15268: checking valgrind.h usability
configure:15268: gcc -c -g -O2  conftest.c >&5
conftest.c:78:22: error: valgrind.h: No such file or directory
configure:15268: $? = 1
configure: failed program was:
| /* confdefs.h */
| #define PACKAGE_NAME "gperftools"
| #define PACKAGE_TARNAME "gperftools"
| #define PACKAGE_VERSION "2.0"
| #define PACKAGE_STRING "gperftools 2.0"
| #define PACKAGE_BUGREPORT "google-perftools@googlegroups.com"
| #define PACKAGE_URL ""
| #define PACKAGE "gperftools"
| #define VERSION "2.0"
| #define STDC_HEADERS 1
| #define HAVE_SYS_TYPES_H 1
| #define HAVE_SYS_STAT_H 1
| #define HAVE_STDLIB_H 1
| #define HAVE_STRING_H 1
| #define HAVE_MEMORY_H 1
| #define HAVE_STRINGS_H 1
| #define HAVE_INTTYPES_H 1
| #define HAVE_STDINT_H 1
| #define HAVE_UNISTD_H 1
| #define HAVE_DLFCN_H 1
| #define LT_OBJDIR ".libs/"
| #define HAVE___ATTRIBUTE__ 1
| #define STDC_HEADERS 1
| #define HAVE_STRUCT_MALLINFO 1
| #define HAVE_ELF32_VERSYM 1
| #define HAVE_SBRK 1
| #define HAVE_GETEUID 1
| #define HAVE_FEATURES_H 1
| #define HAVE_MALLOC_H 1
| #define HAVE_GLOB_H 1
| #define HAVE_EXECINFO_H 1
| #define HAVE_UNWIND_H 1
| #define HAVE_SCHED_H 1
| #define HAVE_SYS_PRCTL_H 1
| #define HAVE_LINUX_PTRACE_H 1
| #define HAVE_SYS_SYSCALL_H 1
| #define HAVE_SYS_SOCKET_H 1
| #define HAVE_SYS_WAIT_H 1
| #define HAVE_POLL_H 1
| #define HAVE_FCNTL_H 1
| #define HAVE_GRP_H 1
| #define HAVE_PWD_H 1
| #define HAVE_SYS_RESOURCE_H 1
| /* end confdefs.h.  */
| #include <stdio.h>
| #ifdef HAVE_SYS_TYPES_H
| # include <sys/types.h>
| #endif
| #ifdef HAVE_SYS_STAT_H
| # include <sys/stat.h>
| #endif
| #ifdef STDC_HEADERS
| # include <stdlib.h>
| # include <stddef.h>
| #else
| # ifdef HAVE_STDLIB_H
| #  include <stdlib.h>
| # endif
| #endif
| #ifdef HAVE_STRING_H
| # if !defined STDC_HEADERS && defined HAVE_MEMORY_H
| #  include <memory.h>
| # endif
| # include <string.h>
| #endif
| #ifdef HAVE_STRINGS_H
| # include <strings.h>
| #endif
| #ifdef HAVE_INTTYPES_H
| # include <inttypes.h>
| #endif
| #ifdef HAVE_STDINT_H
| # include <stdint.h>
| #endif
| #ifdef HAVE_UNISTD_H
| # include <unistd.h>
| #endif
| #include <valgrind.h>
configure:15268: result: no
configure:15268: checking valgrind.h presence
configure:15268: gcc -E  conftest.c
conftest.c:45:22: error: valgrind.h: No such file or directory
configure:15268: $? = 1
configure: failed program was:
| /* confdefs.h */
| #define PACKAGE_NAME "gperftools"
| #define PACKAGE_TARNAME "gperftools"
| #define PACKAGE_VERSION "2.0"
| #define PACKAGE_STRING "gperftools 2.0"
| #define PACKAGE_BUGREPORT "google-perftools@googlegroups.com"
| #define PACKAGE_URL ""
| #define PACKAGE "gperftools"
| #define VERSION "2.0"
| #define STDC_HEADERS 1
| #define HAVE_SYS_TYPES_H 1
| #define HAVE_SYS_STAT_H 1
| #define HAVE_STDLIB_H 1
| #define HAVE_STRING_H 1
| #define HAVE_MEMORY_H 1
| #define HAVE_STRINGS_H 1
| #define HAVE_INTTYPES_H 1
| #define HAVE_STDINT_H 1
| #define HAVE_UNISTD_H 1
| #define HAVE_DLFCN_H 1
| #define LT_OBJDIR ".libs/"
| #define HAVE___ATTRIBUTE__ 1
| #define STDC_HEADERS 1
| #define HAVE_STRUCT_MALLINFO 1
| #define HAVE_ELF32_VERSYM 1
| #define HAVE_SBRK 1
| #define HAVE_GETEUID 1
| #define HAVE_FEATURES_H 1
| #define HAVE_MALLOC_H 1
| #define HAVE_GLOB_H 1
| #define HAVE_EXECINFO_H 1
| #define HAVE_UNWIND_H 1
| #define HAVE_SCHED_H 1
| #define HAVE_SYS_PRCTL_H 1
| #define HAVE_LINUX_PTRACE_H 1
| #define HAVE_SYS_SYSCALL_H 1
| #define HAVE_SYS_SOCKET_H 1
| #define HAVE_SYS_WAIT_H 1
| #define HAVE_POLL_H 1
| #define HAVE_FCNTL_H 1
| #define HAVE_GRP_H 1
| #define HAVE_PWD_H 1
| #define HAVE_SYS_RESOURCE_H 1
| /* end confdefs.h.  */
| #include <valgrind.h>
configure:15268: result: no
configure:15268: checking for valgrind.h
configure:15268: result: no
configure:15280: checking sys/cdefs.h usability
configure:15280: gcc -c -g -O2  conftest.c >&5
configure:15280: $? = 0
configure:15280: result: yes
configure:15280: checking sys/cdefs.h presence
configure:15280: gcc -E  conftest.c
configure:15280: $? = 0
configure:15280: result: yes
configure:15280: checking for sys/cdefs.h
configure:15280: result: yes
configure:15292: checking for features.h
configure:15292: result: yes
configure:15307: checking whether cfree is declared
configure:15307: gcc -c -g -O2  conftest.c >&5
configure:15307: $? = 0
configure:15307: result: yes
configure:15320: checking whether posix_memalign is declared
configure:15320: gcc -c -g -O2  conftest.c >&5
configure:15320: $? = 0
configure:15320: result: yes
configure:15333: checking whether memalign is declared
configure:15333: gcc -c -g -O2  conftest.c >&5
configure:15333: $? = 0
configure:15333: result: yes
configure:15346: checking whether valloc is declared
configure:15346: gcc -c -g -O2  conftest.c >&5
configure:15346: $? = 0
configure:15346: result: yes
configure:15359: checking whether pvalloc is declared
configure:15359: gcc -c -g -O2  conftest.c >&5
configure:15359: $? = 0
configure:15359: result: yes
configure:15400: checking for stdlib.h
configure:15400: result: yes
configure:15400: checking for unistd.h
configure:15400: result: yes
configure:15400: checking for sys/param.h
configure:15400: gcc -c -g -O2  conftest.c >&5
configure:15400: $? = 0
configure:15400: result: yes
configure:15421: checking for getpagesize
configure:15421: gcc -o conftest -g -O2   conftest.c  >&5
configure:15421: $? = 0
configure:15421: result: yes
configure:15430: checking for working mmap
configure:15577: gcc -o conftest -g -O2   conftest.c  >&5
configure:15577: $? = 0
configure:15577: ./conftest
configure:15577: $? = 0
configure:15587: result: yes
configure:15601: checking if int32_t is the same type as intptr_t
configure:15614: gcc -c -g -O2  conftest.c >&5
conftest.c: In function 'main':
conftest.c:61: error: invalid operands to binary - (have 'int32_t *' and 'intptr_t *')
configure:15614: $? = 1
configure: failed program was:
| /* confdefs.h */
| #define PACKAGE_NAME "gperftools"
| #define PACKAGE_TARNAME "gperftools"
| #define PACKAGE_VERSION "2.0"
| #define PACKAGE_STRING "gperftools 2.0"
| #define PACKAGE_BUGREPORT "google-perftools@googlegroups.com"
| #define PACKAGE_URL ""
| #define PACKAGE "gperftools"
| #define VERSION "2.0"
| #define STDC_HEADERS 1
| #define HAVE_SYS_TYPES_H 1
| #define HAVE_SYS_STAT_H 1
| #define HAVE_STDLIB_H 1
| #define HAVE_STRING_H 1
| #define HAVE_MEMORY_H 1
| #define HAVE_STRINGS_H 1
| #define HAVE_INTTYPES_H 1
| #define HAVE_STDINT_H 1
| #define HAVE_UNISTD_H 1
| #define HAVE_DLFCN_H 1
| #define LT_OBJDIR ".libs/"
| #define HAVE___ATTRIBUTE__ 1
| #define STDC_HEADERS 1
| #define HAVE_STRUCT_MALLINFO 1
| #define HAVE_ELF32_VERSYM 1
| #define HAVE_SBRK 1
| #define HAVE_GETEUID 1
| #define HAVE_FEATURES_H 1
| #define HAVE_MALLOC_H 1
| #define HAVE_GLOB_H 1
| #define HAVE_EXECINFO_H 1
| #define HAVE_UNWIND_H 1
| #define HAVE_SCHED_H 1
| #define HAVE_SYS_PRCTL_H 1
| #define HAVE_LINUX_PTRACE_H 1
| #define HAVE_SYS_SYSCALL_H 1
| #define HAVE_SYS_SOCKET_H 1
| #define HAVE_SYS_WAIT_H 1
| #define HAVE_POLL_H 1
| #define HAVE_FCNTL_H 1
| #define HAVE_GRP_H 1
| #define HAVE_PWD_H 1
| #define HAVE_SYS_RESOURCE_H 1
| #define HAVE_SYS_CDEFS_H 1
| #define HAVE_FEATURES_H 1
| #define HAVE_DECL_CFREE 1
| #define HAVE_DECL_POSIX_MEMALIGN 1
| #define HAVE_DECL_MEMALIGN 1
| #define HAVE_DECL_VALLOC 1
| #define HAVE_DECL_PVALLOC 1
| #define HAVE_STDLIB_H 1
| #define HAVE_UNISTD_H 1
| #define HAVE_SYS_PARAM_H 1
| #define HAVE_GETPAGESIZE 1
| #define HAVE_MMAP 1
| /* end confdefs.h.  */
| #include <stdint.h>
| int
| main ()
| {
| int32_t v1 = 0; intptr_t v2 = 0; return (&v1 - &v2)
|   ;
|   return 0;
| }
configure:15621: result: no
configure:15848: checking for backtrace in -lunwind
configure:15873: gcc -o conftest -g -O2   conftest.c -lunwind   >&5
/usr/bin/ld: cannot find -lunwind
collect2: ld returned 1 exit status
configure:15873: $? = 1
configure: failed program was:
| /* confdefs.h */
| #define PACKAGE_NAME "gperftools"
| #define PACKAGE_TARNAME "gperftools"
| #define PACKAGE_VERSION "2.0"
| #define PACKAGE_STRING "gperftools 2.0"
| #define PACKAGE_BUGREPORT "google-perftools@googlegroups.com"
| #define PACKAGE_URL ""
| #define PACKAGE "gperftools"
| #define VERSION "2.0"
| #define STDC_HEADERS 1
| #define HAVE_SYS_TYPES_H 1
| #define HAVE_SYS_STAT_H 1
| #define HAVE_STDLIB_H 1
| #define HAVE_STRING_H 1
| #define HAVE_MEMORY_H 1
| #define HAVE_STRINGS_H 1
| #define HAVE_INTTYPES_H 1
| #define HAVE_STDINT_H 1
| #define HAVE_UNISTD_H 1
| #define HAVE_DLFCN_H 1
| #define LT_OBJDIR ".libs/"
| #define HAVE___ATTRIBUTE__ 1
| #define STDC_HEADERS 1
| #define HAVE_STRUCT_MALLINFO 1
| #define HAVE_ELF32_VERSYM 1
| #define HAVE_SBRK 1
| #define HAVE_GETEUID 1
| #define HAVE_FEATURES_H 1
| #define HAVE_MALLOC_H 1
| #define HAVE_GLOB_H 1
| #define HAVE_EXECINFO_H 1
| #define HAVE_UNWIND_H 1
| #define HAVE_SCHED_H 1
| #define HAVE_SYS_PRCTL_H 1
| #define HAVE_LINUX_PTRACE_H 1
| #define HAVE_SYS_SYSCALL_H 1
| #define HAVE_SYS_SOCKET_H 1
| #define HAVE_SYS_WAIT_H 1
| #define HAVE_POLL_H 1
| #define HAVE_FCNTL_H 1
| #define HAVE_GRP_H 1
| #define HAVE_PWD_H 1
| #define HAVE_SYS_RESOURCE_H 1
| #define HAVE_SYS_CDEFS_H 1
| #define HAVE_FEATURES_H 1
| #define HAVE_DECL_CFREE 1
| #define HAVE_DECL_POSIX_MEMALIGN 1
| #define HAVE_DECL_MEMALIGN 1
| #define HAVE_DECL_VALLOC 1
| #define HAVE_DECL_PVALLOC 1
| #define HAVE_STDLIB_H 1
| #define HAVE_UNISTD_H 1
| #define HAVE_SYS_PARAM_H 1
| #define HAVE_GETPAGESIZE 1
| #define HAVE_MMAP 1
| /* end confdefs.h.  */
| 
| /* Override any GCC internal prototype to avoid an error.
|    Use char because int might match the return type of a GCC
|    builtin and then its argument prototype would still apply.  */
| #ifdef __cplusplus
| extern "C"
| #endif
| char backtrace ();
| int
| main ()
| {
| return backtrace ();
|   ;
|   return 0;
| }
configure:15882: result: no
configure:15924: gcc -c -g -O2  conftest.c >&5
configure:15924: $? = 0
configure:15945: gcc -c -g -O2 -S -O2 -o fp.s  conftest.c >&5
configure:15945: $? = 0
configure: failed program was:
| /* confdefs.h */
| #define PACKAGE_NAME "gperftools"
| #define PACKAGE_TARNAME "gperftools"
| #define PACKAGE_VERSION "2.0"
| #define PACKAGE_STRING "gperftools 2.0"
| #define PACKAGE_BUGREPORT "google-perftools@googlegroups.com"
| #define PACKAGE_URL ""
| #define PACKAGE "gperftools"
| #define VERSION "2.0"
| #define STDC_HEADERS 1
| #define HAVE_SYS_TYPES_H 1
| #define HAVE_SYS_STAT_H 1
| #define HAVE_STDLIB_H 1
| #define HAVE_STRING_H 1
| #define HAVE_MEMORY_H 1
| #define HAVE_STRINGS_H 1
| #define HAVE_INTTYPES_H 1
| #define HAVE_STDINT_H 1
| #define HAVE_UNISTD_H 1
| #define HAVE_DLFCN_H 1
| #define LT_OBJDIR ".libs/"
| #define HAVE___ATTRIBUTE__ 1
| #define STDC_HEADERS 1
| #define HAVE_STRUCT_MALLINFO 1
| #define HAVE_ELF32_VERSYM 1
| #define HAVE_SBRK 1
| #define HAVE_GETEUID 1
| #define HAVE_FEATURES_H 1
| #define HAVE_MALLOC_H 1
| #define HAVE_GLOB_H 1
| #define HAVE_EXECINFO_H 1
| #define HAVE_UNWIND_H 1
| #define HAVE_SCHED_H 1
| #define HAVE_SYS_PRCTL_H 1
| #define HAVE_LINUX_PTRACE_H 1
| #define HAVE_SYS_SYSCALL_H 1
| #define HAVE_SYS_SOCKET_H 1
| #define HAVE_SYS_WAIT_H 1
| #define HAVE_POLL_H 1
| #define HAVE_FCNTL_H 1
| #define HAVE_GRP_H 1
| #define HAVE_PWD_H 1
| #define HAVE_SYS_RESOURCE_H 1
| #define HAVE_SYS_CDEFS_H 1
| #define HAVE_FEATURES_H 1
| #define HAVE_DECL_CFREE 1
| #define HAVE_DECL_POSIX_MEMALIGN 1
| #define HAVE_DECL_MEMALIGN 1
| #define HAVE_DECL_VALLOC 1
| #define HAVE_DECL_PVALLOC 1
| #define HAVE_STDLIB_H 1
| #define HAVE_UNISTD_H 1
| #define HAVE_SYS_PARAM_H 1
| #define HAVE_GETPAGESIZE 1
| #define HAVE_MMAP 1
| /* end confdefs.h.  */
| int f(int x) {return x;}
| int
| main ()
| {
| return f(0);
|   ;
|   return 0;
| }
configure:15975: gcc -c -g -O2  conftest.c >&5
conftest.c: In function 'main':
conftest.c:61: error: '__i386__' undeclared (first use in this function)
conftest.c:61: error: (Each undeclared identifier is reported only once
conftest.c:61: error: for each function it appears in.)
configure:15975: $? = 1
configure: failed program was:
| /* confdefs.h */
| #define PACKAGE_NAME "gperftools"
| #define PACKAGE_TARNAME "gperftools"
| #define PACKAGE_VERSION "2.0"
| #define PACKAGE_STRING "gperftools 2.0"
| #define PACKAGE_BUGREPORT "google-perftools@googlegroups.com"
| #define PACKAGE_URL ""
| #define PACKAGE "gperftools"
| #define VERSION "2.0"
| #define STDC_HEADERS 1
| #define HAVE_SYS_TYPES_H 1
| #define HAVE_SYS_STAT_H 1
| #define HAVE_STDLIB_H 1
| #define HAVE_STRING_H 1
| #define HAVE_MEMORY_H 1
| #define HAVE_STRINGS_H 1
| #define HAVE_INTTYPES_H 1
| #define HAVE_STDINT_H 1
| #define HAVE_UNISTD_H 1
| #define HAVE_DLFCN_H 1
| #define LT_OBJDIR ".libs/"
| #define HAVE___ATTRIBUTE__ 1
| #define STDC_HEADERS 1
| #define HAVE_STRUCT_MALLINFO 1
| #define HAVE_ELF32_VERSYM 1
| #define HAVE_SBRK 1
| #define HAVE_GETEUID 1
| #define HAVE_FEATURES_H 1
| #define HAVE_MALLOC_H 1
| #define HAVE_GLOB_H 1
| #define HAVE_EXECINFO_H 1
| #define HAVE_UNWIND_H 1
| #define HAVE_SCHED_H 1
| #define HAVE_SYS_PRCTL_H 1
| #define HAVE_LINUX_PTRACE_H 1
| #define HAVE_SYS_SYSCALL_H 1
| #define HAVE_SYS_SOCKET_H 1
| #define HAVE_SYS_WAIT_H 1
| #define HAVE_POLL_H 1
| #define HAVE_FCNTL_H 1
| #define HAVE_GRP_H 1
| #define HAVE_PWD_H 1
| #define HAVE_SYS_RESOURCE_H 1
| #define HAVE_SYS_CDEFS_H 1
| #define HAVE_FEATURES_H 1
| #define HAVE_DECL_CFREE 1
| #define HAVE_DECL_POSIX_MEMALIGN 1
| #define HAVE_DECL_MEMALIGN 1
| #define HAVE_DECL_VALLOC 1
| #define HAVE_DECL_PVALLOC 1
| #define HAVE_STDLIB_H 1
| #define HAVE_UNISTD_H 1
| #define HAVE_SYS_PARAM_H 1
| #define HAVE_GETPAGESIZE 1
| #define HAVE_MMAP 1
| /* end confdefs.h.  */
| 
| int
| main ()
| {
| return __i386__ == 1 ? 0 : 1
|   ;
|   return 0;
| }
configure:15994: checking if the compiler supports -Wno-unused-result
configure:16016: gcc -c -g -O2 -Wno-error -Wno-unused-result  conftest.c >&5
conftest.c: In function 'main':
conftest.c:61: warning: division by zero
At top level:
cc1: warning: unrecognized command line option "-Wno-unused-result"
configure:16016: $? = 0
configure:16024: result: yes
configure:16036: checking printf format code for printing a size_t and ssize_t
configure:16052: gcc -c -g -O2  conftest.c >&5
conftest.c: In function 'main':
conftest.c:61: error: invalid operands to binary - (have 'unsigned int *' and 'size_t *')
configure:16052: $? = 1
configure: failed program was:
| /* confdefs.h */
| #define PACKAGE_NAME "gperftools"
| #define PACKAGE_TARNAME "gperftools"
| #define PACKAGE_VERSION "2.0"
| #define PACKAGE_STRING "gperftools 2.0"
| #define PACKAGE_BUGREPORT "google-perftools@googlegroups.com"
| #define PACKAGE_URL ""
| #define PACKAGE "gperftools"
| #define VERSION "2.0"
| #define STDC_HEADERS 1
| #define HAVE_SYS_TYPES_H 1
| #define HAVE_SYS_STAT_H 1
| #define HAVE_STDLIB_H 1
| #define HAVE_STRING_H 1
| #define HAVE_MEMORY_H 1
| #define HAVE_STRINGS_H 1
| #define HAVE_INTTYPES_H 1
| #define HAVE_STDINT_H 1
| #define HAVE_UNISTD_H 1
| #define HAVE_DLFCN_H 1
| #define LT_OBJDIR ".libs/"
| #define HAVE___ATTRIBUTE__ 1
| #define STDC_HEADERS 1
| #define HAVE_STRUCT_MALLINFO 1
| #define HAVE_ELF32_VERSYM 1
| #define HAVE_SBRK 1
| #define HAVE_GETEUID 1
| #define HAVE_FEATURES_H 1
| #define HAVE_MALLOC_H 1
| #define HAVE_GLOB_H 1
| #define HAVE_EXECINFO_H 1
| #define HAVE_UNWIND_H 1
| #define HAVE_SCHED_H 1
| #define HAVE_SYS_PRCTL_H 1
| #define HAVE_LINUX_PTRACE_H 1
| #define HAVE_SYS_SYSCALL_H 1
| #define HAVE_SYS_SOCKET_H 1
| #define HAVE_SYS_WAIT_H 1
| #define HAVE_POLL_H 1
| #define HAVE_FCNTL_H 1
| #define HAVE_GRP_H 1
| #define HAVE_PWD_H 1
| #define HAVE_SYS_RESOURCE_H 1
| #define HAVE_SYS_CDEFS_H 1
| #define HAVE_FEATURES_H 1
| #define HAVE_DECL_CFREE 1
| #define HAVE_DECL_POSIX_MEMALIGN 1
| #define HAVE_DECL_MEMALIGN 1
| #define HAVE_DECL_VALLOC 1
| #define HAVE_DECL_PVALLOC 1
| #define HAVE_STDLIB_H 1
| #define HAVE_UNISTD_H 1
| #define HAVE_SYS_PARAM_H 1
| #define HAVE_GETPAGESIZE 1
| #define HAVE_MMAP 1
| /* end confdefs.h.  */
| #include <stddef.h>
| int
| main ()
| {
| unsigned int v1 = 0; size_t v2 = 0; return (&v1 - &v2)
|   ;
|   return 0;
| }
configure:16067: gcc -c -g -O2  conftest.c >&5
configure:16067: $? = 0
configure:16082: gcc -c -g -O2  conftest.c >&5
conftest.c: In function 'main':
conftest.c:61: error: invalid operands to binary - (have 'long long unsigned int *' and 'size_t *')
configure:16082: $? = 1
configure: failed program was:
| /* confdefs.h */
| #define PACKAGE_NAME "gperftools"
| #define PACKAGE_TARNAME "gperftools"
| #define PACKAGE_VERSION "2.0"
| #define PACKAGE_STRING "gperftools 2.0"
| #define PACKAGE_BUGREPORT "google-perftools@googlegroups.com"
| #define PACKAGE_URL ""
| #define PACKAGE "gperftools"
| #define VERSION "2.0"
| #define STDC_HEADERS 1
| #define HAVE_SYS_TYPES_H 1
| #define HAVE_SYS_STAT_H 1
| #define HAVE_STDLIB_H 1
| #define HAVE_STRING_H 1
| #define HAVE_MEMORY_H 1
| #define HAVE_STRINGS_H 1
| #define HAVE_INTTYPES_H 1
| #define HAVE_STDINT_H 1
| #define HAVE_UNISTD_H 1
| #define HAVE_DLFCN_H 1
| #define LT_OBJDIR ".libs/"
| #define HAVE___ATTRIBUTE__ 1
| #define STDC_HEADERS 1
| #define HAVE_STRUCT_MALLINFO 1
| #define HAVE_ELF32_VERSYM 1
| #define HAVE_SBRK 1
| #define HAVE_GETEUID 1
| #define HAVE_FEATURES_H 1
| #define HAVE_MALLOC_H 1
| #define HAVE_GLOB_H 1
| #define HAVE_EXECINFO_H 1
| #define HAVE_UNWIND_H 1
| #define HAVE_SCHED_H 1
| #define HAVE_SYS_PRCTL_H 1
| #define HAVE_LINUX_PTRACE_H 1
| #define HAVE_SYS_SYSCALL_H 1
| #define HAVE_SYS_SOCKET_H 1
| #define HAVE_SYS_WAIT_H 1
| #define HAVE_POLL_H 1
| #define HAVE_FCNTL_H 1
| #define HAVE_GRP_H 1
| #define HAVE_PWD_H 1
| #define HAVE_SYS_RESOURCE_H 1
| #define HAVE_SYS_CDEFS_H 1
| #define HAVE_FEATURES_H 1
| #define HAVE_DECL_CFREE 1
| #define HAVE_DECL_POSIX_MEMALIGN 1
| #define HAVE_DECL_MEMALIGN 1
| #define HAVE_DECL_VALLOC 1
| #define HAVE_DECL_PVALLOC 1
| #define HAVE_STDLIB_H 1
| #define HAVE_UNISTD_H 1
| #define HAVE_SYS_PARAM_H 1
| #define HAVE_GETPAGESIZE 1
| #define HAVE_MMAP 1
| /* end confdefs.h.  */
| #include <stddef.h>
| int
| main ()
| {
| unsigned long long v1 = 0; size_t v2 = 0; return (&v1 - &v2)
|   ;
|   return 0;
| }
configure:16088: result: l
configure:16115: checking for __builtin_stack_pointer()
configure:16128: gcc -o conftest -g -O2   conftest.c  >&5
conftest.c: In function 'main':
conftest.c:65: warning: initialization makes pointer from integer without a cast
/tmp/cc7mC2iy.o: In function `main':
/root/project/redis-2.6.7/deps/gperftools-2.0/conftest.c:64: undefined reference to `__builtin_stack_pointer'
collect2: ld returned 1 exit status
configure:16128: $? = 1
configure: failed program was:
| /* confdefs.h */
| #define PACKAGE_NAME "gperftools"
| #define PACKAGE_TARNAME "gperftools"
| #define PACKAGE_VERSION "2.0"
| #define PACKAGE_STRING "gperftools 2.0"
| #define PACKAGE_BUGREPORT "google-perftools@googlegroups.com"
| #define PACKAGE_URL ""
| #define PACKAGE "gperftools"
| #define VERSION "2.0"
| #define STDC_HEADERS 1
| #define HAVE_SYS_TYPES_H 1
| #define HAVE_SYS_STAT_H 1
| #define HAVE_STDLIB_H 1
| #define HAVE_STRING_H 1
| #define HAVE_MEMORY_H 1
| #define HAVE_STRINGS_H 1
| #define HAVE_INTTYPES_H 1
| #define HAVE_STDINT_H 1
| #define HAVE_UNISTD_H 1
| #define HAVE_DLFCN_H 1
| #define LT_OBJDIR ".libs/"
| #define HAVE___ATTRIBUTE__ 1
| #define STDC_HEADERS 1
| #define HAVE_STRUCT_MALLINFO 1
| #define HAVE_ELF32_VERSYM 1
| #define HAVE_SBRK 1
| #define HAVE_GETEUID 1
| #define HAVE_FEATURES_H 1
| #define HAVE_MALLOC_H 1
| #define HAVE_GLOB_H 1
| #define HAVE_EXECINFO_H 1
| #define HAVE_UNWIND_H 1
| #define HAVE_SCHED_H 1
| #define HAVE_SYS_PRCTL_H 1
| #define HAVE_LINUX_PTRACE_H 1
| #define HAVE_SYS_SYSCALL_H 1
| #define HAVE_SYS_SOCKET_H 1
| #define HAVE_SYS_WAIT_H 1
| #define HAVE_POLL_H 1
| #define HAVE_FCNTL_H 1
| #define HAVE_GRP_H 1
| #define HAVE_PWD_H 1
| #define HAVE_SYS_RESOURCE_H 1
| #define HAVE_SYS_CDEFS_H 1
| #define HAVE_FEATURES_H 1
| #define HAVE_DECL_CFREE 1
| #define HAVE_DECL_POSIX_MEMALIGN 1
| #define HAVE_DECL_MEMALIGN 1
| #define HAVE_DECL_VALLOC 1
| #define HAVE_DECL_PVALLOC 1
| #define HAVE_STDLIB_H 1
| #define HAVE_UNISTD_H 1
| #define HAVE_SYS_PARAM_H 1
| #define HAVE_GETPAGESIZE 1
| #define HAVE_MMAP 1
| #define PRIuS "lu"
| #define PRIxS "lx"
| #define PRIdS "ld"
| /* end confdefs.h.  */
| 
| int
| main ()
| {
| void *sp = __builtin_stack_pointer()
|   ;
|   return 0;
| }
configure:16135: result: no
configure:16142: checking for __environ
configure:16155: gcc -o conftest -g -O2   conftest.c  >&5
configure:16155: $? = 0
configure:16159: result: yes
configure:16172: checking for __thread
configure:16187: gcc -o conftest -g -O2   conftest.c  >&5
configure:16187: $? = 0
configure:16191: result: yes
configure:16201: checking if __malloc_hook is declared volatile
configure:16215: gcc -c -g -O2  conftest.c >&5
conftest.c:63: error: conflicting type qualifiers for '__malloc_hook'
/usr/include/malloc.h:165: note: previous declaration of '__malloc_hook' was here
configure:16215: $? = 1
configure: failed program was:
| /* confdefs.h */
| #define PACKAGE_NAME "gperftools"
| #define PACKAGE_TARNAME "gperftools"
| #define PACKAGE_VERSION "2.0"
| #define PACKAGE_STRING "gperftools 2.0"
| #define PACKAGE_BUGREPORT "google-perftools@googlegroups.com"
| #define PACKAGE_URL ""
| #define PACKAGE "gperftools"
| #define VERSION "2.0"
| #define STDC_HEADERS 1
| #define HAVE_SYS_TYPES_H 1
| #define HAVE_SYS_STAT_H 1
| #define HAVE_STDLIB_H 1
| #define HAVE_STRING_H 1
| #define HAVE_MEMORY_H 1
| #define HAVE_STRINGS_H 1
| #define HAVE_INTTYPES_H 1
| #define HAVE_STDINT_H 1
| #define HAVE_UNISTD_H 1
| #define HAVE_DLFCN_H 1
| #define LT_OBJDIR ".libs/"
| #define HAVE___ATTRIBUTE__ 1
| #define STDC_HEADERS 1
| #define HAVE_STRUCT_MALLINFO 1
| #define HAVE_ELF32_VERSYM 1
| #define HAVE_SBRK 1
| #define HAVE_GETEUID 1
| #define HAVE_FEATURES_H 1
| #define HAVE_MALLOC_H 1
| #define HAVE_GLOB_H 1
| #define HAVE_EXECINFO_H 1
| #define HAVE_UNWIND_H 1
| #define HAVE_SCHED_H 1
| #define HAVE_SYS_PRCTL_H 1
| #define HAVE_LINUX_PTRACE_H 1
| #define HAVE_SYS_SYSCALL_H 1
| #define HAVE_SYS_SOCKET_H 1
| #define HAVE_SYS_WAIT_H 1
| #define HAVE_POLL_H 1
| #define HAVE_FCNTL_H 1
| #define HAVE_GRP_H 1
| #define HAVE_PWD_H 1
| #define HAVE_SYS_RESOURCE_H 1
| #define HAVE_SYS_CDEFS_H 1
| #define HAVE_FEATURES_H 1
| #define HAVE_DECL_CFREE 1
| #define HAVE_DECL_POSIX_MEMALIGN 1
| #define HAVE_DECL_MEMALIGN 1
| #define HAVE_DECL_VALLOC 1
| #define HAVE_DECL_PVALLOC 1
| #define HAVE_STDLIB_H 1
| #define HAVE_UNISTD_H 1
| #define HAVE_SYS_PARAM_H 1
| #define HAVE_GETPAGESIZE 1
| #define HAVE_MMAP 1
| #define PRIuS "lu"
| #define PRIxS "lx"
| #define PRIdS "ld"
| #define HAVE___ENVIRON 1
| #define HAVE_TLS 1
| /* end confdefs.h.  */
| #include <malloc.h>
| void* (* volatile __malloc_hook)(size_t, const void*) = 0;
| int
| main ()
| {
| 
|   ;
|   return 0;
| }
configure:16224: result: no
configure:16233: checking if nanosleep requires any libraries
configure:16256: gcc -o conftest -g -O2   conftest.c  >&5
configure:16256: $? = 0
configure:16289: result: no
configure:16312: checking whether uname is declared
configure:16312: gcc -c -g -O2  conftest.c >&5
configure:16312: $? = 0
configure:16312: result: yes
configure:16491: checking for the pthreads library -lpthreads
configure:16524: gcc -o conftest -g -O2    conftest.c -lpthreads  >&5
/usr/bin/ld: cannot find -lpthreads
collect2: ld returned 1 exit status
configure:16524: $? = 1
configure: failed program was:
| /* confdefs.h */
| #define PACKAGE_NAME "gperftools"
| #define PACKAGE_TARNAME "gperftools"
| #define PACKAGE_VERSION "2.0"
| #define PACKAGE_STRING "gperftools 2.0"
| #define PACKAGE_BUGREPORT "google-perftools@googlegroups.com"
| #define PACKAGE_URL ""
| #define PACKAGE "gperftools"
| #define VERSION "2.0"
| #define STDC_HEADERS 1
| #define HAVE_SYS_TYPES_H 1
| #define HAVE_SYS_STAT_H 1
| #define HAVE_STDLIB_H 1
| #define HAVE_STRING_H 1
| #define HAVE_MEMORY_H 1
| #define HAVE_STRINGS_H 1
| #define HAVE_INTTYPES_H 1
| #define HAVE_STDINT_H 1
| #define HAVE_UNISTD_H 1
| #define HAVE_DLFCN_H 1
| #define LT_OBJDIR ".libs/"
| #define HAVE___ATTRIBUTE__ 1
| #define STDC_HEADERS 1
| #define HAVE_STRUCT_MALLINFO 1
| #define HAVE_ELF32_VERSYM 1
| #define HAVE_SBRK 1
| #define HAVE_GETEUID 1
| #define HAVE_FEATURES_H 1
| #define HAVE_MALLOC_H 1
| #define HAVE_GLOB_H 1
| #define HAVE_EXECINFO_H 1
| #define HAVE_UNWIND_H 1
| #define HAVE_SCHED_H 1
| #define HAVE_SYS_PRCTL_H 1
| #define HAVE_LINUX_PTRACE_H 1
| #define HAVE_SYS_SYSCALL_H 1
| #define HAVE_SYS_SOCKET_H 1
| #define HAVE_SYS_WAIT_H 1
| #define HAVE_POLL_H 1
| #define HAVE_FCNTL_H 1
| #define HAVE_GRP_H 1
| #define HAVE_PWD_H 1
| #define HAVE_SYS_RESOURCE_H 1
| #define HAVE_SYS_CDEFS_H 1
| #define HAVE_FEATURES_H 1
| #define HAVE_DECL_CFREE 1
| #define HAVE_DECL_POSIX_MEMALIGN 1
| #define HAVE_DECL_MEMALIGN 1
| #define HAVE_DECL_VALLOC 1
| #define HAVE_DECL_PVALLOC 1
| #define HAVE_STDLIB_H 1
| #define HAVE_UNISTD_H 1
| #define HAVE_SYS_PARAM_H 1
| #define HAVE_GETPAGESIZE 1
| #define HAVE_MMAP 1
| #define PRIuS "lu"
| #define PRIxS "lx"
| #define PRIdS "ld"
| #define HAVE___ENVIRON 1
| #define HAVE_TLS 1
| #define MALLOC_HOOK_MAYBE_VOLATILE /**/
| #define HAVE_DECL_UNAME 1
| /* end confdefs.h.  */
| #include <pthread.h>
| int
| main ()
| {
| pthread_t th; pthread_join(th, 0);
|                      pthread_attr_init(0); pthread_cleanup_push(0, 0);
|                      pthread_create(0,0,0,0); pthread_cleanup_pop(0);
|   ;
|   return 0;
| }
configure:16533: result: no
configure:16436: checking whether pthreads work without any flags
configure:16524: gcc -o conftest -g -O2    conftest.c   >&5
/tmp/ccsjqQQM.o: In function `main':
/root/project/redis-2.6.7/deps/gperftools-2.0/conftest.c:68: undefined reference to `pthread_join'
/root/project/redis-2.6.7/deps/gperftools-2.0/conftest.c:69: undefined reference to `__pthread_register_cancel'
/root/project/redis-2.6.7/deps/gperftools-2.0/conftest.c:70: undefined reference to `pthread_create'
/root/project/redis-2.6.7/deps/gperftools-2.0/conftest.c:70: undefined reference to `__pthread_unregister_cancel'
collect2: ld returned 1 exit status
configure:16524: $? = 1
configure: failed program was:
| /* confdefs.h */
| #define PACKAGE_NAME "gperftools"
| #define PACKAGE_TARNAME "gperftools"
| #define PACKAGE_VERSION "2.0"
| #define PACKAGE_STRING "gperftools 2.0"
| #define PACKAGE_BUGREPORT "google-perftools@googlegroups.com"
| #define PACKAGE_URL ""
| #define PACKAGE "gperftools"
| #define VERSION "2.0"
| #define STDC_HEADERS 1
| #define HAVE_SYS_TYPES_H 1
| #define HAVE_SYS_STAT_H 1
| #define HAVE_STDLIB_H 1
| #define HAVE_STRING_H 1
| #define HAVE_MEMORY_H 1
| #define HAVE_STRINGS_H 1
| #define HAVE_INTTYPES_H 1
| #define HAVE_STDINT_H 1
| #define HAVE_UNISTD_H 1
| #define HAVE_DLFCN_H 1
| #define LT_OBJDIR ".libs/"
| #define HAVE___ATTRIBUTE__ 1
| #define STDC_HEADERS 1
| #define HAVE_STRUCT_MALLINFO 1
| #define HAVE_ELF32_VERSYM 1
| #define HAVE_SBRK 1
| #define HAVE_GETEUID 1
| #define HAVE_FEATURES_H 1
| #define HAVE_MALLOC_H 1
| #define HAVE_GLOB_H 1
| #define HAVE_EXECINFO_H 1
| #define HAVE_UNWIND_H 1
| #define HAVE_SCHED_H 1
| #define HAVE_SYS_PRCTL_H 1
| #define HAVE_LINUX_PTRACE_H 1
| #define HAVE_SYS_SYSCALL_H 1
| #define HAVE_SYS_SOCKET_H 1
| #define HAVE_SYS_WAIT_H 1
| #define HAVE_POLL_H 1
| #define HAVE_FCNTL_H 1
| #define HAVE_GRP_H 1
| #define HAVE_PWD_H 1
| #define HAVE_SYS_RESOURCE_H 1
| #define HAVE_SYS_CDEFS_H 1
| #define HAVE_FEATURES_H 1
| #define HAVE_DECL_CFREE 1
| #define HAVE_DECL_POSIX_MEMALIGN 1
| #define HAVE_DECL_MEMALIGN 1
| #define HAVE_DECL_VALLOC 1
| #define HAVE_DECL_PVALLOC 1
| #define HAVE_STDLIB_H 1
| #define HAVE_UNISTD_H 1
| #define HAVE_SYS_PARAM_H 1
| #define HAVE_GETPAGESIZE 1
| #define HAVE_MMAP 1
| #define PRIuS "lu"
| #define PRIxS "lx"
| #define PRIdS "ld"
| #define HAVE___ENVIRON 1
| #define HAVE_TLS 1
| #define MALLOC_HOOK_MAYBE_VOLATILE /**/
| #define HAVE_DECL_UNAME 1
| /* end confdefs.h.  */
| #include <pthread.h>
| int
| main ()
| {
| pthread_t th; pthread_join(th, 0);
|                      pthread_attr_init(0); pthread_cleanup_push(0, 0);
|                      pthread_create(0,0,0,0); pthread_cleanup_pop(0);
|   ;
|   return 0;
| }
configure:16533: result: no
configure:16441: checking whether pthreads work with -Kthread
configure:16524: gcc -o conftest -g -O2 -Kthread   conftest.c   >&5
gcc: unrecognized option '-Kthread'
/tmp/ccCTPD2O.o: In function `main':
/root/project/redis-2.6.7/deps/gperftools-2.0/conftest.c:68: undefined reference to `pthread_join'
/root/project/redis-2.6.7/deps/gperftools-2.0/conftest.c:69: undefined reference to `__pthread_register_cancel'
/root/project/redis-2.6.7/deps/gperftools-2.0/conftest.c:70: undefined reference to `pthread_create'
/root/project/redis-2.6.7/deps/gperftools-2.0/conftest.c:70: undefined reference to `__pthread_unregister_cancel'
collect2: ld returned 1 exit status
configure:16524: $? = 1
configure: failed program was:
| /* confdefs.h */
| #define PACKAGE_NAME "gperftools"
| #define PACKAGE_TARNAME "gperftools"
| #define PACKAGE_VERSION "2.0"
| #define PACKAGE_STRING "gperftools 2.0"
| #define PACKAGE_BUGREPORT "google-perftools@googlegroups.com"
| #define PACKAGE_URL ""
| #define PACKAGE "gperftools"
| #define VERSION "2.0"
| #define STDC_HEADERS 1
| #define HAVE_SYS_TYPES_H 1
| #define HAVE_SYS_STAT_H 1
| #define HAVE_STDLIB_H 1
| #define HAVE_STRING_H 1
| #define HAVE_MEMORY_H 1
| #define HAVE_STRINGS_H 1
| #define HAVE_INTTYPES_H 1
| #define HAVE_STDINT_H 1
| #define HAVE_UNISTD_H 1
| #define HAVE_DLFCN_H 1
| #define LT_OBJDIR ".libs/"
| #define HAVE___ATTRIBUTE__ 1
| #define STDC_HEADERS 1
| #define HAVE_STRUCT_MALLINFO 1
| #define HAVE_ELF32_VERSYM 1
| #define HAVE_SBRK 1
| #define HAVE_GETEUID 1
| #define HAVE_FEATURES_H 1
| #define HAVE_MALLOC_H 1
| #define HAVE_GLOB_H 1
| #define HAVE_EXECINFO_H 1
| #define HAVE_UNWIND_H 1
| #define HAVE_SCHED_H 1
| #define HAVE_SYS_PRCTL_H 1
| #define HAVE_LINUX_PTRACE_H 1
| #define HAVE_SYS_SYSCALL_H 1
| #define HAVE_SYS_SOCKET_H 1
| #define HAVE_SYS_WAIT_H 1
| #define HAVE_POLL_H 1
| #define HAVE_FCNTL_H 1
| #define HAVE_GRP_H 1
| #define HAVE_PWD_H 1
| #define HAVE_SYS_RESOURCE_H 1
| #define HAVE_SYS_CDEFS_H 1
| #define HAVE_FEATURES_H 1
| #define HAVE_DECL_CFREE 1
| #define HAVE_DECL_POSIX_MEMALIGN 1
| #define HAVE_DECL_MEMALIGN 1
| #define HAVE_DECL_VALLOC 1
| #define HAVE_DECL_PVALLOC 1
| #define HAVE_STDLIB_H 1
| #define HAVE_UNISTD_H 1
| #define HAVE_SYS_PARAM_H 1
| #define HAVE_GETPAGESIZE 1
| #define HAVE_MMAP 1
| #define PRIuS "lu"
| #define PRIxS "lx"
| #define PRIdS "ld"
| #define HAVE___ENVIRON 1
| #define HAVE_TLS 1
| #define MALLOC_HOOK_MAYBE_VOLATILE /**/
| #define HAVE_DECL_UNAME 1
| /* end confdefs.h.  */
| #include <pthread.h>
| int
| main ()
| {
| pthread_t th; pthread_join(th, 0);
|                      pthread_attr_init(0); pthread_cleanup_push(0, 0);
|                      pthread_create(0,0,0,0); pthread_cleanup_pop(0);
|   ;
|   return 0;
| }
configure:16533: result: no
configure:16441: checking whether pthreads work with -kthread
configure:16524: gcc -o conftest -g -O2 -kthread   conftest.c   >&5
gcc: unrecognized option '-kthread'
/tmp/cc7WMWcU.o: In function `main':
/root/project/redis-2.6.7/deps/gperftools-2.0/conftest.c:68: undefined reference to `pthread_join'
/root/project/redis-2.6.7/deps/gperftools-2.0/conftest.c:69: undefined reference to `__pthread_register_cancel'
/root/project/redis-2.6.7/deps/gperftools-2.0/conftest.c:70: undefined reference to `pthread_create'
/root/project/redis-2.6.7/deps/gperftools-2.0/conftest.c:70: undefined reference to `__pthread_unregister_cancel'
collect2: ld returned 1 exit status
configure:16524: $? = 1
configure: failed program was:
| /* confdefs.h */
| #define PACKAGE_NAME "gperftools"
| #define PACKAGE_TARNAME "gperftools"
| #define PACKAGE_VERSION "2.0"
| #define PACKAGE_STRING "gperftools 2.0"
| #define PACKAGE_BUGREPORT "google-perftools@googlegroups.com"
| #define PACKAGE_URL ""
| #define PACKAGE "gperftools"
| #define VERSION "2.0"
| #define STDC_HEADERS 1
| #define HAVE_SYS_TYPES_H 1
| #define HAVE_SYS_STAT_H 1
| #define HAVE_STDLIB_H 1
| #define HAVE_STRING_H 1
| #define HAVE_MEMORY_H 1
| #define HAVE_STRINGS_H 1
| #define HAVE_INTTYPES_H 1
| #define HAVE_STDINT_H 1
| #define HAVE_UNISTD_H 1
| #define HAVE_DLFCN_H 1
| #define LT_OBJDIR ".libs/"
| #define HAVE___ATTRIBUTE__ 1
| #define STDC_HEADERS 1
| #define HAVE_STRUCT_MALLINFO 1
| #define HAVE_ELF32_VERSYM 1
| #define HAVE_SBRK 1
| #define HAVE_GETEUID 1
| #define HAVE_FEATURES_H 1
| #define HAVE_MALLOC_H 1
| #define HAVE_GLOB_H 1
| #define HAVE_EXECINFO_H 1
| #define HAVE_UNWIND_H 1
| #define HAVE_SCHED_H 1
| #define HAVE_SYS_PRCTL_H 1
| #define HAVE_LINUX_PTRACE_H 1
| #define HAVE_SYS_SYSCALL_H 1
| #define HAVE_SYS_SOCKET_H 1
| #define HAVE_SYS_WAIT_H 1
| #define HAVE_POLL_H 1
| #define HAVE_FCNTL_H 1
| #define HAVE_GRP_H 1
| #define HAVE_PWD_H 1
| #define HAVE_SYS_RESOURCE_H 1
| #define HAVE_SYS_CDEFS_H 1
| #define HAVE_FEATURES_H 1
| #define HAVE_DECL_CFREE 1
| #define HAVE_DECL_POSIX_MEMALIGN 1
| #define HAVE_DECL_MEMALIGN 1
| #define HAVE_DECL_VALLOC 1
| #define HAVE_DECL_PVALLOC 1
| #define HAVE_STDLIB_H 1
| #define HAVE_UNISTD_H 1
| #define HAVE_SYS_PARAM_H 1
| #define HAVE_GETPAGESIZE 1
| #define HAVE_MMAP 1
| #define PRIuS "lu"
| #define PRIxS "lx"
| #define PRIdS "ld"
| #define HAVE___ENVIRON 1
| #define HAVE_TLS 1
| #define MALLOC_HOOK_MAYBE_VOLATILE /**/
| #define HAVE_DECL_UNAME 1
| /* end confdefs.h.  */
| #include <pthread.h>
| int
| main ()
| {
| pthread_t th; pthread_join(th, 0);
|                      pthread_attr_init(0); pthread_cleanup_push(0, 0);
|                      pthread_create(0,0,0,0); pthread_cleanup_pop(0);
|   ;
|   return 0;
| }
configure:16533: result: no
configure:16491: checking for the pthreads library -llthread
configure:16524: gcc -o conftest -g -O2    conftest.c -llthread  >&5
/usr/bin/ld: cannot find -llthread
collect2: ld returned 1 exit status
configure:16524: $? = 1
configure: failed program was:
| /* confdefs.h */
| #define PACKAGE_NAME "gperftools"
| #define PACKAGE_TARNAME "gperftools"
| #define PACKAGE_VERSION "2.0"
| #define PACKAGE_STRING "gperftools 2.0"
| #define PACKAGE_BUGREPORT "google-perftools@googlegroups.com"
| #define PACKAGE_URL ""
| #define PACKAGE "gperftools"
| #define VERSION "2.0"
| #define STDC_HEADERS 1
| #define HAVE_SYS_TYPES_H 1
| #define HAVE_SYS_STAT_H 1
| #define HAVE_STDLIB_H 1
| #define HAVE_STRING_H 1
| #define HAVE_MEMORY_H 1
| #define HAVE_STRINGS_H 1
| #define HAVE_INTTYPES_H 1
| #define HAVE_STDINT_H 1
| #define HAVE_UNISTD_H 1
| #define HAVE_DLFCN_H 1
| #define LT_OBJDIR ".libs/"
| #define HAVE___ATTRIBUTE__ 1
| #define STDC_HEADERS 1
| #define HAVE_STRUCT_MALLINFO 1
| #define HAVE_ELF32_VERSYM 1
| #define HAVE_SBRK 1
| #define HAVE_GETEUID 1
| #define HAVE_FEATURES_H 1
| #define HAVE_MALLOC_H 1
| #define HAVE_GLOB_H 1
| #define HAVE_EXECINFO_H 1
| #define HAVE_UNWIND_H 1
| #define HAVE_SCHED_H 1
| #define HAVE_SYS_PRCTL_H 1
| #define HAVE_LINUX_PTRACE_H 1
| #define HAVE_SYS_SYSCALL_H 1
| #define HAVE_SYS_SOCKET_H 1
| #define HAVE_SYS_WAIT_H 1
| #define HAVE_POLL_H 1
| #define HAVE_FCNTL_H 1
| #define HAVE_GRP_H 1
| #define HAVE_PWD_H 1
| #define HAVE_SYS_RESOURCE_H 1
| #define HAVE_SYS_CDEFS_H 1
| #define HAVE_FEATURES_H 1
| #define HAVE_DECL_CFREE 1
| #define HAVE_DECL_POSIX_MEMALIGN 1
| #define HAVE_DECL_MEMALIGN 1
| #define HAVE_DECL_VALLOC 1
| #define HAVE_DECL_PVALLOC 1
| #define HAVE_STDLIB_H 1
| #define HAVE_UNISTD_H 1
| #define HAVE_SYS_PARAM_H 1
| #define HAVE_GETPAGESIZE 1
| #define HAVE_MMAP 1
| #define PRIuS "lu"
| #define PRIxS "lx"
| #define PRIdS "ld"
| #define HAVE___ENVIRON 1
| #define HAVE_TLS 1
| #define MALLOC_HOOK_MAYBE_VOLATILE /**/
| #define HAVE_DECL_UNAME 1
| /* end confdefs.h.  */
| #include <pthread.h>
| int
| main ()
| {
| pthread_t th; pthread_join(th, 0);
|                      pthread_attr_init(0); pthread_cleanup_push(0, 0);
|                      pthread_create(0,0,0,0); pthread_cleanup_pop(0);
|   ;
|   return 0;
| }
configure:16533: result: no
configure:16441: checking whether pthreads work with -pthread
configure:16524: gcc -o conftest -g -O2 -pthread   conftest.c   >&5
configure:16524: $? = 0
configure:16533: result: yes
configure:16552: checking for joinable pthread attribute
configure:16567: gcc -o conftest -g -O2 -pthread   conftest.c   >&5
configure:16567: $? = 0
configure:16573: result: PTHREAD_CREATE_JOINABLE
configure:16583: checking if more special flags are required for pthreads
configure:16590: result: no
configure:16679: checking whether to check for GCC pthread/shared inconsistencies
configure:16692: gcc -o conftest -shared -fPIC -Wl,-z,defs -g -O2 -pthread   conftest.c   >&5
configure:16692: $? = 0
configure:16704: result: yes
configure:16710: checking whether -pthread is sufficient with -shared
configure:16725: gcc -o conftest -shared -fPIC -Wl,-z,defs -g -O2 -pthread   conftest.c   >&5
configure:16725: $? = 0
configure:16732: result: yes
configure:16820: checking whether what we have so far is sufficient with -nostdlib
configure:16838: gcc -o conftest -nostdlib -shared -fPIC -Wl,-z,defs -g -O2 -pthread   conftest.c   -lc >&5
/tmp/ccEpl7Xj.o: In function `main':
/root/project/redis-2.6.7/deps/gperftools-2.0/conftest.c:68: undefined reference to `pthread_join'
/root/project/redis-2.6.7/deps/gperftools-2.0/conftest.c:69: undefined reference to `__pthread_register_cancel'
/root/project/redis-2.6.7/deps/gperftools-2.0/conftest.c:70: undefined reference to `pthread_create'
/root/project/redis-2.6.7/deps/gperftools-2.0/conftest.c:70: undefined reference to `__pthread_unregister_cancel'
collect2: ld returned 1 exit status
configure:16838: $? = 1
configure: failed program was:
| /* confdefs.h */
| #define PACKAGE_NAME "gperftools"
| #define PACKAGE_TARNAME "gperftools"
| #define PACKAGE_VERSION "2.0"
| #define PACKAGE_STRING "gperftools 2.0"
| #define PACKAGE_BUGREPORT "google-perftools@googlegroups.com"
| #define PACKAGE_URL ""
| #define PACKAGE "gperftools"
| #define VERSION "2.0"
| #define STDC_HEADERS 1
| #define HAVE_SYS_TYPES_H 1
| #define HAVE_SYS_STAT_H 1
| #define HAVE_STDLIB_H 1
| #define HAVE_STRING_H 1
| #define HAVE_MEMORY_H 1
| #define HAVE_STRINGS_H 1
| #define HAVE_INTTYPES_H 1
| #define HAVE_STDINT_H 1
| #define HAVE_UNISTD_H 1
| #define HAVE_DLFCN_H 1
| #define LT_OBJDIR ".libs/"
| #define HAVE___ATTRIBUTE__ 1
| #define STDC_HEADERS 1
| #define HAVE_STRUCT_MALLINFO 1
| #define HAVE_ELF32_VERSYM 1
| #define HAVE_SBRK 1
| #define HAVE_GETEUID 1
| #define HAVE_FEATURES_H 1
| #define HAVE_MALLOC_H 1
| #define HAVE_GLOB_H 1
| #define HAVE_EXECINFO_H 1
| #define HAVE_UNWIND_H 1
| #define HAVE_SCHED_H 1
| #define HAVE_SYS_PRCTL_H 1
| #define HAVE_LINUX_PTRACE_H 1
| #define HAVE_SYS_SYSCALL_H 1
| #define HAVE_SYS_SOCKET_H 1
| #define HAVE_SYS_WAIT_H 1
| #define HAVE_POLL_H 1
| #define HAVE_FCNTL_H 1
| #define HAVE_GRP_H 1
| #define HAVE_PWD_H 1
| #define HAVE_SYS_RESOURCE_H 1
| #define HAVE_SYS_CDEFS_H 1
| #define HAVE_FEATURES_H 1
| #define HAVE_DECL_CFREE 1
| #define HAVE_DECL_POSIX_MEMALIGN 1
| #define HAVE_DECL_MEMALIGN 1
| #define HAVE_DECL_VALLOC 1
| #define HAVE_DECL_PVALLOC 1
| #define HAVE_STDLIB_H 1
| #define HAVE_UNISTD_H 1
| #define HAVE_SYS_PARAM_H 1
| #define HAVE_GETPAGESIZE 1
| #define HAVE_MMAP 1
| #define PRIuS "lu"
| #define PRIxS "lx"
| #define PRIdS "ld"
| #define HAVE___ENVIRON 1
| #define HAVE_TLS 1
| #define MALLOC_HOOK_MAYBE_VOLATILE /**/
| #define HAVE_DECL_UNAME 1
| /* end confdefs.h.  */
| #include <pthread.h>
| int
| main ()
| {
| pthread_t th; pthread_join(th, 0);
| 	       pthread_attr_init(0); pthread_cleanup_push(0, 0);
| 	       pthread_create(0,0,0,0); pthread_cleanup_pop(0);
|   ;
|   return 0;
| }
configure:16850: result: no
configure:16855: checking whether -lpthread saves the day
configure:16871: gcc -o conftest -nostdlib -shared -fPIC -Wl,-z,defs -g -O2 -pthread   conftest.c -lpthread   -lc >&5
configure:16871: $? = 0
configure:16880: result: yes
configure:16921: checking whether the compiler implements namespaces
configure:16945: g++ -c -g -O2  conftest.cpp >&5
configure:16945: $? = 0
configure:16958: result: yes
configure:16965: checking what namespace STL code is in
configure:16989: g++ -c -g -O2  conftest.cpp >&5
conftest.cpp: In function 'int main()':
conftest.cpp:70: error: 'vector' was not declared in this scope
conftest.cpp:70: error: expected primary-expression before 'int'
conftest.cpp:70: error: expected ';' before 'int'
configure:16989: $? = 1
configure: failed program was:
| /* confdefs.h */
| #define PACKAGE_NAME "gperftools"
| #define PACKAGE_TARNAME "gperftools"
| #define PACKAGE_VERSION "2.0"
| #define PACKAGE_STRING "gperftools 2.0"
| #define PACKAGE_BUGREPORT "google-perftools@googlegroups.com"
| #define PACKAGE_URL ""
| #define PACKAGE "gperftools"
| #define VERSION "2.0"
| #define STDC_HEADERS 1
| #define HAVE_SYS_TYPES_H 1
| #define HAVE_SYS_STAT_H 1
| #define HAVE_STDLIB_H 1
| #define HAVE_STRING_H 1
| #define HAVE_MEMORY_H 1
| #define HAVE_STRINGS_H 1
| #define HAVE_INTTYPES_H 1
| #define HAVE_STDINT_H 1
| #define HAVE_UNISTD_H 1
| #define HAVE_DLFCN_H 1
| #define LT_OBJDIR ".libs/"
| #define HAVE___ATTRIBUTE__ 1
| #define STDC_HEADERS 1
| #define HAVE_STRUCT_MALLINFO 1
| #define HAVE_ELF32_VERSYM 1
| #define HAVE_SBRK 1
| #define HAVE_GETEUID 1
| #define HAVE_FEATURES_H 1
| #define HAVE_MALLOC_H 1
| #define HAVE_GLOB_H 1
| #define HAVE_EXECINFO_H 1
| #define HAVE_UNWIND_H 1
| #define HAVE_SCHED_H 1
| #define HAVE_SYS_PRCTL_H 1
| #define HAVE_LINUX_PTRACE_H 1
| #define HAVE_SYS_SYSCALL_H 1
| #define HAVE_SYS_SOCKET_H 1
| #define HAVE_SYS_WAIT_H 1
| #define HAVE_POLL_H 1
| #define HAVE_FCNTL_H 1
| #define HAVE_GRP_H 1
| #define HAVE_PWD_H 1
| #define HAVE_SYS_RESOURCE_H 1
| #define HAVE_SYS_CDEFS_H 1
| #define HAVE_FEATURES_H 1
| #define HAVE_DECL_CFREE 1
| #define HAVE_DECL_POSIX_MEMALIGN 1
| #define HAVE_DECL_MEMALIGN 1
| #define HAVE_DECL_VALLOC 1
| #define HAVE_DECL_PVALLOC 1
| #define HAVE_STDLIB_H 1
| #define HAVE_UNISTD_H 1
| #define HAVE_SYS_PARAM_H 1
| #define HAVE_GETPAGESIZE 1
| #define HAVE_MMAP 1
| #define PRIuS "lu"
| #define PRIxS "lx"
| #define PRIdS "ld"
| #define HAVE___ENVIRON 1
| #define HAVE_TLS 1
| #define MALLOC_HOOK_MAYBE_VOLATILE /**/
| #define HAVE_DECL_UNAME 1
| #define HAVE_PTHREAD 1
| #define HAVE_NAMESPACES 1
| /* end confdefs.h.  */
| #include <vector>
| int
| main ()
| {
| vector<int> t; return 0;
|   ;
|   return 0;
| }
configure:17004: g++ -c -g -O2  conftest.cpp >&5
configure:17004: $? = 0
configure:17015: result: std
configure:17030: checking for program_invocation_name
configure:17046: gcc -o conftest -g -O2   conftest.c  >&5
configure:17046: $? = 0
configure:17055: result: yes
configure:17369: creating ./config.status

## ---------------------- ##
## Running config.status. ##
## ---------------------- ##

This file was extended by gperftools config.status 2.0, which was
generated by GNU Autoconf 2.65.  Invocation command line was

  CONFIG_FILES    = 
  CONFIG_HEADERS  = 
  CONFIG_LINKS    = 
  CONFIG_COMMANDS = 
  $ ./config.status 

on micolTest

config.status:1218: creating Makefile
config.status:1218: creating src/gperftools/tcmalloc.h
config.status:1218: creating src/windows/gperftools/tcmalloc.h
config.status:1218: creating src/config.h
config.status:1390: src/config.h is unchanged
config.status:1438: executing depfiles commands
config.status:1438: executing libtool commands

## ---------------- ##
## Cache variables. ##
## ---------------- ##

ac_cv___attribute__=yes
ac_cv_build=x86_64-unknown-linux-gnu
ac_cv_c_compiler_gnu=yes
ac_cv_c_inline=inline
ac_cv_cxx_compiler_gnu=yes
ac_cv_cxx_namespaces=yes
ac_cv_cxx_stl_namespace=std
ac_cv_env_CCC_set=
ac_cv_env_CCC_value=
ac_cv_env_CC_set=
ac_cv_env_CC_value=
ac_cv_env_CFLAGS_set=
ac_cv_env_CFLAGS_value=
ac_cv_env_CPPFLAGS_set=
ac_cv_env_CPPFLAGS_value=
ac_cv_env_CPP_set=
ac_cv_env_CPP_value=
ac_cv_env_CXXCPP_set=
ac_cv_env_CXXCPP_value=
ac_cv_env_CXXFLAGS_set=
ac_cv_env_CXXFLAGS_value=
ac_cv_env_CXX_set=
ac_cv_env_CXX_value=
ac_cv_env_LDFLAGS_set=
ac_cv_env_LDFLAGS_value=
ac_cv_env_LIBS_set=
ac_cv_env_LIBS_value=
ac_cv_env_build_alias_set=
ac_cv_env_build_alias_value=
ac_cv_env_host_alias_set=
ac_cv_env_host_alias_value=
ac_cv_env_target_alias_set=
ac_cv_env_target_alias_value=
ac_cv_formatting_prius_prefix=l
ac_cv_func_geteuid=yes
ac_cv_func_getpagesize=yes
ac_cv_func_mmap_fixed_mapped=yes
ac_cv_func_sbrk=yes
ac_cv_have_decl_cfree=yes
ac_cv_have_decl_memalign=yes
ac_cv_have_decl_posix_memalign=yes
ac_cv_have_decl_pvalloc=yes
ac_cv_have_decl_uname=yes
ac_cv_have_decl_valloc=yes
ac_cv_have_program_invocation_name=yes
ac_cv_have_struct_mallinfo=1
ac_cv_header_conflict_signal_h=no
ac_cv_header_dlfcn_h=yes
ac_cv_header_execinfo_h=yes
ac_cv_header_fcntl_h=yes
ac_cv_header_features_h=yes
ac_cv_header_glob_h=yes
ac_cv_header_grp_h=yes
ac_cv_header_inttypes_h=yes
ac_cv_header_libunwind_h=no
ac_cv_header_linux_ptrace_h=yes
ac_cv_header_malloc_h=yes
ac_cv_header_malloc_malloc_h=no
ac_cv_header_memory_h=yes
ac_cv_header_poll_h=yes
ac_cv_header_pwd_h=yes
ac_cv_header_sched_h=yes
ac_cv_header_stdc=yes
ac_cv_header_stdint_h=yes
ac_cv_header_stdlib_h=yes
ac_cv_header_string_h=yes
ac_cv_header_strings_h=yes
ac_cv_header_sys_cdefs_h=yes
ac_cv_header_sys_malloc_h=no
ac_cv_header_sys_param_h=yes
ac_cv_header_sys_prctl_h=yes
ac_cv_header_sys_resource_h=yes
ac_cv_header_sys_socket_h=yes
ac_cv_header_sys_stat_h=yes
ac_cv_header_sys_syscall_h=yes
ac_cv_header_sys_types_h=yes
ac_cv_header_sys_wait_h=yes
ac_cv_header_unistd_h=yes
ac_cv_header_unwind_h=yes
ac_cv_header_valgrind_h=no
ac_cv_host=x86_64-unknown-linux-gnu
ac_cv_install_prefix=/usr/local
ac_cv_lib_unwind_backtrace=no
ac_cv_objext=o
ac_cv_path_EGREP='/bin/grep -E'
ac_cv_path_FGREP='/bin/grep -F'
ac_cv_path_GREP=/bin/grep
ac_cv_path_SED=/bin/sed
ac_cv_path_install='/usr/bin/install -c'
ac_cv_path_mkdir=/bin/mkdir
ac_cv_prius_defined=1
ac_cv_prog_AWK=gawk
ac_cv_prog_CPP='gcc -E'
ac_cv_prog_CXXCPP='g++ -E'
ac_cv_prog_ac_ct_AR=ar
ac_cv_prog_ac_ct_CC=gcc
ac_cv_prog_ac_ct_CXX=g++
ac_cv_prog_ac_ct_OBJCOPY=objcopy
ac_cv_prog_ac_ct_OBJDUMP=objdump
ac_cv_prog_ac_ct_RANLIB=ranlib
ac_cv_prog_ac_ct_STRIP=strip
ac_cv_prog_cc_c89=
ac_cv_prog_cc_g=yes
ac_cv_prog_cc_gcc_c_o=yes
ac_cv_prog_cxx_g=yes
ac_cv_prog_make_make_set=yes
ac_cv_type_Elf32_Versym=yes
ac_cv_type___int64=no
ac_cv_type_struct_mallinfo=yes
am_cv_CC_dependencies_compiler_type=gcc3
am_cv_CXX_dependencies_compiler_type=gcc3
gpt_cv_objcopy_weaken=yes
lt_cv_deplibs_check_method=pass_all
lt_cv_file_magic_cmd='$MAGIC_CMD'
lt_cv_file_magic_test_file=
lt_cv_ld_reload_flag=-r
lt_cv_nm_interface='BSD nm'
lt_cv_objdir=.libs
lt_cv_path_LD=/usr/bin/ld
lt_cv_path_LDCXX='/usr/bin/ld -m elf_x86_64'
lt_cv_path_NM='/usr/bin/nm -B'
lt_cv_prog_compiler_c_o=yes
lt_cv_prog_compiler_c_o_CXX=yes
lt_cv_prog_compiler_pic_works=yes
lt_cv_prog_compiler_pic_works_CXX=yes
lt_cv_prog_compiler_rtti_exceptions=no
lt_cv_prog_compiler_static_works=no
lt_cv_prog_compiler_static_works_CXX=no
lt_cv_prog_gnu_ld=yes
lt_cv_prog_gnu_ldcxx=yes
lt_cv_sys_global_symbol_pipe='sed -n -e '\''s/^.*[	 ]\([ABCDGIRSTW][ABCDGIRSTW]*\)[	 ][	 ]*\([_A-Za-z][_A-Za-z0-9]*\)$/\1 \2 \2/p'\'''
lt_cv_sys_global_symbol_to_c_name_address='sed -n -e '\''s/^: \([^ ]*\) $/  {\"\1\", (void *) 0},/p'\'' -e '\''s/^[ABCDGIRSTW]* \([^ ]*\) \([^ ]*\)$/  {"\2", (void *) \&\2},/p'\'''
lt_cv_sys_global_symbol_to_c_name_address_lib_prefix='sed -n -e '\''s/^: \([^ ]*\) $/  {\"\1\", (void *) 0},/p'\'' -e '\''s/^[ABCDGIRSTW]* \([^ ]*\) \(lib[^ ]*\)$/  {"\2", (void *) \&\2},/p'\'' -e '\''s/^[ABCDGIRSTW]* \([^ ]*\) \([^ ]*\)$/  {"lib\2", (void *) \&\2},/p'\'''
lt_cv_sys_global_symbol_to_cdecl='sed -n -e '\''s/^T .* \(.*\)$/extern int \1();/p'\'' -e '\''s/^[ABCDGIRSTW]* .* \(.*\)$/extern char \1;/p'\'''
lt_cv_sys_max_cmd_len=1966080
perftools_cv_w_no_unused_result=yes

## ----------------- ##
## Output variables. ##
## ----------------- ##

ACLOCAL='${SHELL} /root/project/redis-2.6.7/deps/gperftools-2.0/missing --run aclocal-1.10'
AMDEPBACKSLASH='\'
AMDEP_FALSE='#'
AMDEP_TRUE=''
AMTAR='${SHELL} /root/project/redis-2.6.7/deps/gperftools-2.0/missing --run tar'
AR='ar'
AUTOCONF='${SHELL} /root/project/redis-2.6.7/deps/gperftools-2.0/missing --run autoconf'
AUTOHEADER='${SHELL} /root/project/redis-2.6.7/deps/gperftools-2.0/missing --run autoheader'
AUTOMAKE='${SHELL} /root/project/redis-2.6.7/deps/gperftools-2.0/missing --run automake-1.10'
AWK='gawk'
CC='gcc'
CCDEPMODE='depmode=gcc3'
CFLAGS='-g -O2'
CPP='gcc -E'
CPPFLAGS=''
CXX='g++'
CXXCPP='g++ -E'
CXXDEPMODE='depmode=gcc3'
CXXFLAGS='-g -O2'
CYGPATH_W='echo'
DEFS='-DHAVE_CONFIG_H'
DEPDIR='.deps'
DSYMUTIL=''
DUMPBIN=''
ECHO_C=''
ECHO_N='-n'
ECHO_T=''
EGREP='/bin/grep -E'
ENABLE_FRAME_POINTERS_FALSE='#'
ENABLE_FRAME_POINTERS_TRUE=''
ENABLE_STATIC_FALSE='#'
ENABLE_STATIC_TRUE=''
EXEEXT=''
FGREP='/bin/grep -F'
GCC_FALSE='#'
GCC_TRUE=''
GREP='/bin/grep'
HAVE_OBJCOPY_WEAKEN_FALSE='#'
HAVE_OBJCOPY_WEAKEN_TRUE=''
HAVE_W_NO_UNUSED_RESULT_FALSE='#'
HAVE_W_NO_UNUSED_RESULT_TRUE=''
I386_FALSE=''
I386_TRUE='#'
INSTALL_DATA='${INSTALL} -m 644'
INSTALL_PROGRAM='${INSTALL}'
INSTALL_SCRIPT='${INSTALL}'
INSTALL_STRIP_PROGRAM='$(install_sh) -c -s'
LD='/usr/bin/ld -m elf_x86_64'
LDFLAGS=''
LIBOBJS=''
LIBS=''
LIBSTDCXX_LA_LINKER_FLAG=''
LIBTOOL='$(SHELL) $(top_builddir)/libtool'
LIBTOOL_DEPS='./ltmain.sh'
LIPO=''
LN_S='ln -s'
LTLIBOBJS=''
MAKEINFO='${SHELL} /root/project/redis-2.6.7/deps/gperftools-2.0/missing --run makeinfo'
MINGW_FALSE=''
MINGW_TRUE='#'
MKDIR_P='/bin/mkdir -p'
NANOSLEEP_LIBS=''
NM='/usr/bin/nm -B'
NMEDIT=''
OBJCOPY='objcopy'
OBJDUMP='objdump'
OBJEXT='o'
OSX_FALSE=''
OSX_TRUE='#'
OTOOL64=''
OTOOL=''
PACKAGE='gperftools'
PACKAGE_BUGREPORT='google-perftools@googlegroups.com'
PACKAGE_NAME='gperftools'
PACKAGE_STRING='gperftools 2.0'
PACKAGE_TARNAME='gperftools'
PACKAGE_URL=''
PACKAGE_VERSION='2.0'
PATH_SEPARATOR=':'
PROFILER_SO_VERSION='3:0:3'
PTHREAD_CC='gcc'
PTHREAD_CFLAGS='-pthread'
PTHREAD_LIBS=' -lpthread'
RANLIB='ranlib'
SED='/bin/sed'
SET_MAKE=''
SHELL='/bin/sh'
STRIP='strip'
TCMALLOC_SO_VERSION='5:0:1'
TC_VERSION_MAJOR='2'
TC_VERSION_MINOR='0'
TC_VERSION_PATCH=''
UNWIND_LIBS=''
USE_LIBTOOL_FALSE='#'
USE_LIBTOOL_TRUE=''
VERSION='2.0'
WITH_CPU_PROFILER_FALSE=''
WITH_CPU_PROFILER_TRUE='#'
WITH_DEBUGALLOC_FALSE='#'
WITH_DEBUGALLOC_TRUE=''
WITH_HEAP_CHECKER_FALSE=''
WITH_HEAP_CHECKER_TRUE='#'
WITH_HEAP_PROFILER_FALSE=''
WITH_HEAP_PROFILER_OR_CHECKER_FALSE=''
WITH_HEAP_PROFILER_OR_CHECKER_TRUE='#'
WITH_HEAP_PROFILER_TRUE='#'
WITH_STACK_TRACE_FALSE=''
WITH_STACK_TRACE_TRUE='#'
X86_64_AND_NO_FP_BY_DEFAULT_FALSE='#'
X86_64_AND_NO_FP_BY_DEFAULT_TRUE=''
ac_ct_CC='gcc'
ac_ct_CXX='g++'
ac_ct_DUMPBIN=''
ac_cv_have_struct_mallinfo='1'
acx_pthread_config=''
am__fastdepCC_FALSE='#'
am__fastdepCC_TRUE=''
am__fastdepCXX_FALSE='#'
am__fastdepCXX_TRUE=''
am__include='include'
am__isrc=''
am__leading_dot='.'
am__quote=''
am__tar='${AMTAR} chof - "$$tardir"'
am__untar='${AMTAR} xf -'
bindir='${exec_prefix}/bin'
build='x86_64-unknown-linux-gnu'
build_alias=''
build_cpu='x86_64'
build_os='linux-gnu'
build_vendor='unknown'
datadir='${datarootdir}'
datarootdir='${prefix}/share'
docdir='${datarootdir}/doc/${PACKAGE_TARNAME}'
dvidir='${docdir}'
exec_prefix='${prefix}'
host='x86_64-unknown-linux-gnu'
host_alias=''
host_cpu='x86_64'
host_os='linux-gnu'
host_vendor='unknown'
htmldir='${docdir}'
includedir='${prefix}/include'
infodir='${datarootdir}/info'
install_sh='$(SHELL) /root/project/redis-2.6.7/deps/gperftools-2.0/install-sh'
libdir='${exec_prefix}/lib'
libexecdir='${exec_prefix}/libexec'
localedir='${datarootdir}/locale'
localstatedir='${prefix}/var'
lt_ECHO='echo'
mandir='${datarootdir}/man'
mkdir_p='/bin/mkdir -p'
oldincludedir='/usr/include'
pdfdir='${docdir}'
prefix='/usr/local'
program_transform_name='s,x,x,'
psdir='${docdir}'
sbindir='${exec_prefix}/sbin'
sharedstatedir='${prefix}/com'
sysconfdir='${prefix}/etc'
target_alias=''

## ----------- ##
## confdefs.h. ##
## ----------- ##

/* confdefs.h */
#define PACKAGE_NAME "gperftools"
#define PACKAGE_TARNAME "gperftools"
#define PACKAGE_VERSION "2.0"
#define PACKAGE_STRING "gperftools 2.0"
#define PACKAGE_BUGREPORT "google-perftools@googlegroups.com"
#define PACKAGE_URL ""
#define PACKAGE "gperftools"
#define VERSION "2.0"
#define STDC_HEADERS 1
#define HAVE_SYS_TYPES_H 1
#define HAVE_SYS_STAT_H 1
#define HAVE_STDLIB_H 1
#define HAVE_STRING_H 1
#define HAVE_MEMORY_H 1
#define HAVE_STRINGS_H 1
#define HAVE_INTTYPES_H 1
#define HAVE_STDINT_H 1
#define HAVE_UNISTD_H 1
#define HAVE_DLFCN_H 1
#define LT_OBJDIR ".libs/"
#define HAVE___ATTRIBUTE__ 1
#define STDC_HEADERS 1
#define HAVE_STRUCT_MALLINFO 1
#define HAVE_ELF32_VERSYM 1
#define HAVE_SBRK 1
#define HAVE_GETEUID 1
#define HAVE_FEATURES_H 1
#define HAVE_MALLOC_H 1
#define HAVE_GLOB_H 1
#define HAVE_EXECINFO_H 1
#define HAVE_UNWIND_H 1
#define HAVE_SCHED_H 1
#define HAVE_SYS_PRCTL_H 1
#define HAVE_LINUX_PTRACE_H 1
#define HAVE_SYS_SYSCALL_H 1
#define HAVE_SYS_SOCKET_H 1
#define HAVE_SYS_WAIT_H 1
#define HAVE_POLL_H 1
#define HAVE_FCNTL_H 1
#define HAVE_GRP_H 1
#define HAVE_PWD_H 1
#define HAVE_SYS_RESOURCE_H 1
#define HAVE_SYS_CDEFS_H 1
#define HAVE_FEATURES_H 1
#define HAVE_DECL_CFREE 1
#define HAVE_DECL_POSIX_MEMALIGN 1
#define HAVE_DECL_MEMALIGN 1
#define HAVE_DECL_VALLOC 1
#define HAVE_DECL_PVALLOC 1
#define HAVE_STDLIB_H 1
#define HAVE_UNISTD_H 1
#define HAVE_SYS_PARAM_H 1
#define HAVE_GETPAGESIZE 1
#define HAVE_MMAP 1
#define PRIuS "lu"
#define PRIxS "lx"
#define PRIdS "ld"
#define HAVE___ENVIRON 1
#define HAVE_TLS 1
#define MALLOC_HOOK_MAYBE_VOLATILE /**/
#define HAVE_DECL_UNAME 1
#define HAVE_PTHREAD 1
#define HAVE_NAMESPACES 1
#define STL_NAMESPACE std
#define HAVE_PROGRAM_INVOCATION_NAME 1
#define INSTALL_PREFIX "/usr/local"
#define PERFTOOLS_DLL_DECL /**/

configure: exit 0
